<?xml version="1.0" encoding="UTF-8"?>
<testng-results skipped="0" failed="38" total="120" passed="82">
  <reporter-output>
    <line>
      <![CDATA[点击元素失败！]]>
    </line>
    <line>
      <![CDATA[TakesScreenshot截图]]>
    </line>
    <line>
      <![CDATA[TakesScreenshot截图]]>
    </line>
    <line>
      <![CDATA[{用例描述=部署MQ, 列表匹配数据=seleniumIBMMQ1, 操作类型=部署, 列表选择器=MQ名称, 期望值=已部署, 结束标记=结束, 用例编号=CASE1, 是否运行=是, 备注=, 状态字段=部署状态}]]>
    </line>
    <line>
      <![CDATA[点击元素失败！]]>
    </line>
    <line>
      <![CDATA[TakesScreenshot截图]]>
    </line>
    <line>
      <![CDATA[TakesScreenshot截图]]>
    </line>
    <line>
      <![CDATA[{用例描述=启动MQ, 列表匹配数据=seleniumIBMMQ1, 操作类型=启动, 列表选择器=MQ名称, 期望值=运行中, 结束标记=结束, 用例编号=CASE2, 是否运行=是, 备注=, 状态字段=运行状态}]]>
    </line>
    <line>
      <![CDATA[点击元素失败！]]>
    </line>
    <line>
      <![CDATA[TakesScreenshot截图]]>
    </line>
    <line>
      <![CDATA[点击元素失败！]]>
    </line>
    <line>
      <![CDATA[TakesScreenshot截图]]>
    </line>
    <line>
      <![CDATA[TakesScreenshot截图]]>
    </line>
    <line>
      <![CDATA[{用例描述=部署可用MQ, 列表匹配数据=seleniumMQ, 操作类型=部署, 列表选择器=MQ名称, 期望值=已部署, 结束标记=结束, 用例编号=CASE5, 是否运行=是, 备注=, 状态字段=部署状态}]]>
    </line>
    <line>
      <![CDATA[TakesScreenshot截图]]>
    </line>
    <line>
      <![CDATA[{用例描述=启动可用MQ, 列表匹配数据=seleniumMQ, 操作类型=启动, 列表选择器=MQ名称, 期望值=运行中, 结束标记=结束, 用例编号=CASE6, 是否运行=是, 备注=, 状态字段=运行状态}]]>
    </line>
    <line>
      <![CDATA[TakesScreenshot截图]]>
    </line>
    <line>
      <![CDATA[{用例描述=部署可用MQ, 列表匹配数据=seleniumMQ, 操作类型=部署, 列表选择器=MQ名称, 期望值=已部署, 结束标记=结束, 用例编号=CASE5, 是否运行=是, 备注=, 状态字段=部署状态}]]>
    </line>
    <line>
      <![CDATA[TakesScreenshot截图]]>
    </line>
    <line>
      <![CDATA[{用例描述=启动可用MQ, 列表匹配数据=seleniumMQ, 操作类型=启动, 列表选择器=MQ名称, 期望值=运行中, 结束标记=结束, 用例编号=CASE6, 是否运行=是, 备注=, 状态字段=运行状态}]]>
    </line>
    <line>
      <![CDATA[TakesScreenshot截图]]>
    </line>
    <line>
      <![CDATA[{用例描述=部署MQ, 列表匹配数据=seleniumIBMWK1, 操作类型=部署, 列表选择器=名称, 期望值=已部署, 结束标记=结束, 用例编号=CASE1, 是否运行=是, 备注=, 状态字段=部署状态}]]>
    </line>
    <line>
      <![CDATA[TakesScreenshot截图]]>
    </line>
    <line>
      <![CDATA[{用例描述=启动MQ, 列表匹配数据=seleniumIBMWK1, 操作类型=启动, 列表选择器=名称, 期望值=运行中, 结束标记=结束, 用例编号=CASE2, 是否运行=是, 备注=, 状态字段=运行状态}]]>
    </line>
    <line>
      <![CDATA[点击元素失败！]]>
    </line>
    <line>
      <![CDATA[TakesScreenshot截图]]>
    </line>
    <line>
      <![CDATA[TakesScreenshot截图]]>
    </line>
    <line>
      <![CDATA[{用例描述=部署可用MQ, 列表匹配数据=seleniumWK, 操作类型=部署, 列表选择器=名称, 期望值=已部署, 结束标记=结束, 用例编号=CASE5, 是否运行=是, 备注=, 状态字段=部署状态}]]>
    </line>
    <line>
      <![CDATA[TakesScreenshot截图]]>
    </line>
    <line>
      <![CDATA[{用例描述=启动可用MQ, 列表匹配数据=seleniumWK, 操作类型=启动, 列表选择器=名称, 期望值=运行中, 结束标记=结束, 用例编号=CASE6, 是否运行=是, 备注=, 状态字段=运行状态}]]>
    </line>
    <line>
      <![CDATA[TakesScreenshot截图]]>
    </line>
    <line>
      <![CDATA[{用例描述=部署可用MQ, 列表匹配数据=seleniumWK, 操作类型=部署, 列表选择器=名称, 期望值=已部署, 结束标记=结束, 用例编号=CASE5, 是否运行=是, 备注=, 状态字段=部署状态}]]>
    </line>
    <line>
      <![CDATA[TakesScreenshot截图]]>
    </line>
    <line>
      <![CDATA[{用例描述=启动可用MQ, 列表匹配数据=seleniumWK, 操作类型=启动, 列表选择器=名称, 期望值=运行中, 结束标记=结束, 用例编号=CASE6, 是否运行=是, 备注=, 状态字段=运行状态}]]>
    </line>
    <line>
      <![CDATA[TakesScreenshot截图]]>
    </line>
    <line>
      <![CDATA[{用例描述=部署performance, 列表匹配数据=seleniumIBMPF1, 操作类型=部署, 列表选择器=Performance名称, 期望值=已部署, 结束标记=结束, 用例编号=CASE1, 是否运行=是, 备注=, 状态字段=部署状态}]]>
    </line>
    <line>
      <![CDATA[TakesScreenshot截图]]>
    </line>
    <line>
      <![CDATA[{用例描述=启动performance, 列表匹配数据=seleniumIBMPF1, 操作类型=启动, 列表选择器=Performance名称, 期望值=运行中, 结束标记=结束, 用例编号=CASE2, 是否运行=是, 备注=, 状态字段=运行状态}]]>
    </line>
    <line>
      <![CDATA[点击元素失败！]]>
    </line>
    <line>
      <![CDATA[TakesScreenshot截图]]>
    </line>
    <line>
      <![CDATA[TakesScreenshot截图]]>
    </line>
    <line>
      <![CDATA[{用例描述=部署可用performance, 列表匹配数据=seleniumPF, 操作类型=部署, 列表选择器=Performance名称, 期望值=已部署, 结束标记=结束, 用例编号=CASE5, 是否运行=是, 备注=, 状态字段=部署状态}]]>
    </line>
    <line>
      <![CDATA[TakesScreenshot截图]]>
    </line>
    <line>
      <![CDATA[{用例描述=启动可用performance, 列表匹配数据=seleniumPF, 操作类型=启动, 列表选择器=Performance名称, 期望值=运行中, 结束标记=结束, 用例编号=CASE6, 是否运行=是, 备注=, 状态字段=运行状态}]]>
    </line>
    <line>
      <![CDATA[TakesScreenshot截图]]>
    </line>
    <line>
      <![CDATA[{用例描述=部署可用performance, 列表匹配数据=seleniumPF, 操作类型=部署, 列表选择器=Performance名称, 期望值=已部署, 结束标记=结束, 用例编号=CASE5, 是否运行=是, 备注=, 状态字段=部署状态}]]>
    </line>
    <line>
      <![CDATA[TakesScreenshot截图]]>
    </line>
    <line>
      <![CDATA[{用例描述=启动可用performance, 列表匹配数据=seleniumPF, 操作类型=启动, 列表选择器=Performance名称, 期望值=运行中, 结束标记=结束, 用例编号=CASE6, 是否运行=是, 备注=, 状态字段=运行状态}]]>
    </line>
    <line>
      <![CDATA[TakesScreenshot截图]]>
    </line>
    <line>
      <![CDATA[{用例描述=部署agent, 操作类型=部署, 期望值=已部署, 结束标记=结束, 用例编号=CASE1, 是否运行=是, 备注=, 主机名称_AG=seleniumIBMName1, 状态字段=部署状态}]]>
    </line>
    <line>
      <![CDATA[点击元素失败！]]>
    </line>
    <line>
      <![CDATA[TakesScreenshot截图]]>
    </line>
    <line>
      <![CDATA[TakesScreenshot截图]]>
    </line>
    <line>
      <![CDATA[{用例描述=启动agent, 操作类型=启动, 期望值=运行中, 结束标记=结束, 用例编号=CASE2, 是否运行=是, 备注=, 主机名称_AG=seleniumIBMName1, 状态字段=运行状态}]]>
    </line>
    <line>
      <![CDATA[点击元素失败！]]>
    </line>
    <line>
      <![CDATA[TakesScreenshot截图]]>
    </line>
    <line>
      <![CDATA[点击元素失败！]]>
    </line>
    <line>
      <![CDATA[TakesScreenshot截图]]>
    </line>
    <line>
      <![CDATA[TakesScreenshot截图]]>
    </line>
    <line>
      <![CDATA[{用例描述=卸载agent, 操作类型=卸载, 期望值=未部署, 结束标记=结束, 用例编号=CASE4, 是否运行=是, 备注=, 主机名称_AG=seleniumIBMName1, 状态字段=部署状态}]]>
    </line>
    <line>
      <![CDATA[TakesScreenshot截图]]>
    </line>
    <line>
      <![CDATA[{用例描述=部署可用agent, 操作类型=部署, 期望值=已部署, 结束标记=结束, 用例编号=CASE5, 是否运行=是, 备注=, 主机名称_AG=31test_bnms, 状态字段=部署状态}]]>
    </line>
    <line>
      <![CDATA[TakesScreenshot截图]]>
    </line>
    <line>
      <![CDATA[{用例描述=启动可用agent, 操作类型=启动, 期望值=运行中, 结束标记=结束, 用例编号=CASE6, 是否运行=是, 备注=, 主机名称_AG=31test_bnms, 状态字段=运行状态}]]>
    </line>
    <line>
      <![CDATA[TakesScreenshot截图]]>
    </line>
    <line>
      <![CDATA[{用例描述=卸载可用agent, 操作类型=卸载, 期望值=未部署, 结束标记=结束, 用例编号=CASE8, 是否运行=是, 备注=, 主机名称_AG=31test_bnms, 状态字段=部署状态}]]>
    </line>
    <line>
      <![CDATA[TakesScreenshot截图]]>
    </line>
    <line>
      <![CDATA[{用例描述=部署可用agent, 操作类型=部署, 期望值=已部署, 结束标记=结束, 用例编号=CASE5, 是否运行=是, 备注=, 主机名称_AG=31test_bnms, 状态字段=部署状态}]]>
    </line>
    <line>
      <![CDATA[TakesScreenshot截图]]>
    </line>
    <line>
      <![CDATA[{用例描述=启动可用agent, 操作类型=启动, 期望值=运行中, 结束标记=结束, 用例编号=CASE6, 是否运行=是, 备注=, 主机名称_AG=31test_bnms, 状态字段=运行状态}]]>
    </line>
    <line>
      <![CDATA[点击元素失败！]]>
    </line>
    <line>
      <![CDATA[TakesScreenshot截图]]>
    </line>
    <line>
      <![CDATA[TakesScreenshot截图]]>
    </line>
    <line>
      <![CDATA[{用例描述=启动MQ, 列表匹配数据=seleniumPmAlarm, 操作类型=启动, 列表选择器=PmAlarm名称, 期望值=运行中, 结束标记=结束, 用例编号=CASE2, 是否运行=是, 备注=正确数据，未后续做准备, 状态字段=运行状态}]]>
    </line>
    <line>
      <![CDATA[点击元素失败！]]>
    </line>
    <line>
      <![CDATA[TakesScreenshot截图]]>
    </line>
    <line>
      <![CDATA[TakesScreenshot截图]]>
    </line>
    <line>
      <![CDATA[{用例描述=启动MQ, 列表匹配数据=seleniumPmAlarm, 操作类型=启动, 列表选择器=PmAlarm名称, 期望值=运行中, 结束标记=结束, 用例编号=CASE2, 是否运行=是, 备注=正确数据，未后续做准备, 状态字段=运行状态}]]>
    </line>
    <line>
      <![CDATA[TakesScreenshot截图]]>
    </line>
    <line>
      <![CDATA[{主机名称_ENV=seleniumIBMName1, 列表匹配数据=seleniumIBMBMC, 操作类型=增加, 部署主机=seleniumIBMName1, 组建类型=BmcServer, 期望值=1, 列表选择器=应用名称, 结束标记=结束, 用例编号=CASE1, 应用名称=seleniumIBMBMC, 安装路径=/selenium, 用例描述=增加BmcServer, 进程关键字=seleniumIBMBMCPID, 是否运行=是, 备注=, BmcServer类型=监控, 扫描频率 =}]]>
    </line>
    <line>
      <![CDATA[请选择数据]]>
    </line>
    <line>
      <![CDATA[点击元素失败！]]>
    </line>
    <line>
      <![CDATA[TakesScreenshot截图]]>
    </line>
    <line>
      <![CDATA[请选择数据]]>
    </line>
    <line>
      <![CDATA[TakesScreenshot截图]]>
    </line>
    <line>
      <![CDATA[{主机名称_ENV=seleniumIBMName1, 列表匹配数据=seleniumIBMMSG, 操作类型=增加, 部署主机=seleniumIBMName1, 组建类型=短信订阅, 期望值=1, 列表选择器=应用名称, 结束标记=结束, 用例编号=CASE4, 应用名称=seleniumIBMMSG, 安装路径=/selenium, 用例描述=增加短信订阅, 进程关键字=seleniumIBMMSGPID, 是否运行=是, 备注=, BmcServer类型=, 扫描频率 =60}]]>
    </line>
    <line>
      <![CDATA[TakesScreenshot截图]]>
    </line>
    <line>
      <![CDATA[{主机名称_ENV=31test_bnms, 列表匹配数据=seleniumBMCServer, 操作类型=增加, 部署主机=31test_bnms, 组建类型=BmcServer, 期望值=1, 列表选择器=应用名称, 结束标记=结束, 用例编号=CASE5, 应用名称=seleniumBMCServer, 安装路径=/test-bnms/chtest/selenium, 用例描述=增加可用的BmcServer, 进程关键字=seleniumBMCServerPID, 是否运行=是, 备注=, BmcServer类型=监控, 扫描频率 =}]]>
    </line>
    <line>
      <![CDATA[TakesScreenshot截图]]>
    </line>
    <line>
      <![CDATA[{主机名称_ENV=31test_bnms, 列表匹配数据=seleniumMSGapp, 操作类型=增加, 部署主机=31test_bnms, 组建类型=短信订阅, 期望值=1, 列表选择器=应用名称, 结束标记=结束, 用例编号=CASE6, 应用名称=seleniumMSGapp, 安装路径=/test-bnms/chtest/selenium, 用例描述=增加可用的短信订阅, 进程关键字=seleniumMSGappPID, 是否运行=是, 备注=, BmcServer类型=, 扫描频率 =60}]]>
    </line>
  </reporter-output>
  <suite name="suite" duration-ms="2550080" started-at="2014-08-17T14:11:49Z" finished-at="2014-08-17T14:54:19Z">
    <groups>
    </groups>
    <test name="frame" duration-ms="2550080" started-at="2014-08-17T14:11:49Z" finished-at="2014-08-17T14:54:19Z">
      <class name="com.code.test.ibnmsConfig.LoginPageTest">
        <test-method status="PASS" signature="login([Ljava.lang.String;)[pri:0, instance:com.code.test.ibnmsConfig.LoginPageTest@6a510e39]" name="login" duration-ms="6009" started-at="2014-08-17T22:11:50Z" data-provider="Login" finished-at="2014-08-17T22:11:56Z">
          <params>
            <param index="0">
              <value>
                <![CDATA[[Ljava.lang.String;@2c3b1633]]>
              </value>
            </param>
          </params>
          <reporter-output>
          </reporter-output>
        </test-method> <!-- login -->
      </class> <!-- com.code.test.ibnmsConfig.LoginPageTest -->
      <class name="com.code.test.ibnmsConfig.PmAlarmListTest">
        <test-method status="PASS" signature="beforeSuite()[pri:0, instance:com.code.test.ibnmsConfig.PmAlarmListTest@15412e75]" name="beforeSuite" is-config="true" duration-ms="1017" started-at="2014-08-17T22:11:48Z" finished-at="2014-08-17T22:11:49Z">
          <reporter-output>
          </reporter-output>
        </test-method> <!-- beforeSuite -->
        <test-method status="PASS" signature="beforeMethod(java.lang.String)[pri:0, instance:com.code.test.ibnmsConfig.PmAlarmListTest@15412e75]" name="beforeMethod" is-config="true" duration-ms="1514" started-at="2014-08-17T22:46:59Z" finished-at="2014-08-17T22:47:01Z">
          <params>
            <param index="0">
              <value>
                <![CDATA[/cfgColl/listPmAlarm.action?type=1]]>
              </value>
            </param>
          </params>
          <reporter-output>
          </reporter-output>
        </test-method> <!-- beforeMethod -->
        <test-method status="PASS" signature="operatePA([Ljava.lang.String;)[pri:0, instance:com.code.test.ibnmsConfig.PmAlarmListTest@15412e75]" name="operatePA" duration-ms="33884" started-at="2014-08-17T22:47:01Z" data-provider="PmAlarmList" finished-at="2014-08-17T22:47:35Z">
          <params>
            <param index="0">
              <value>
                <![CDATA[[Ljava.lang.String;@47f6b002]]>
              </value>
            </param>
          </params>
          <reporter-output>
          </reporter-output>
        </test-method> <!-- operatePA -->
        <test-method status="PASS" signature="beforeMethod(java.lang.String)[pri:0, instance:com.code.test.ibnmsConfig.PmAlarmListTest@15412e75]" name="beforeMethod" is-config="true" duration-ms="594" started-at="2014-08-17T22:47:35Z" finished-at="2014-08-17T22:47:35Z">
          <params>
            <param index="0">
              <value>
                <![CDATA[/cfgColl/listPmAlarm.action?type=1]]>
              </value>
            </param>
          </params>
          <reporter-output>
          </reporter-output>
        </test-method> <!-- beforeMethod -->
        <test-method status="PASS" signature="operatePA([Ljava.lang.String;)[pri:0, instance:com.code.test.ibnmsConfig.PmAlarmListTest@15412e75]" name="operatePA" duration-ms="15737" started-at="2014-08-17T22:47:35Z" data-provider="PmAlarmList" finished-at="2014-08-17T22:47:51Z">
          <params>
            <param index="0">
              <value>
                <![CDATA[[Ljava.lang.String;@149d7837]]>
              </value>
            </param>
          </params>
          <reporter-output>
          </reporter-output>
        </test-method> <!-- operatePA -->
        <test-method status="PASS" signature="beforeMethod(java.lang.String)[pri:0, instance:com.code.test.ibnmsConfig.PmAlarmListTest@15412e75]" name="beforeMethod" is-config="true" duration-ms="582" started-at="2014-08-17T22:47:51Z" finished-at="2014-08-17T22:47:52Z">
          <params>
            <param index="0">
              <value>
                <![CDATA[/cfgColl/listPmAlarm.action?type=1]]>
              </value>
            </param>
          </params>
          <reporter-output>
          </reporter-output>
        </test-method> <!-- beforeMethod -->
        <test-method status="PASS" signature="operatePA([Ljava.lang.String;)[pri:0, instance:com.code.test.ibnmsConfig.PmAlarmListTest@15412e75]" name="operatePA" duration-ms="29906" started-at="2014-08-17T22:47:52Z" data-provider="PmAlarmList" finished-at="2014-08-17T22:48:22Z">
          <params>
            <param index="0">
              <value>
                <![CDATA[[Ljava.lang.String;@6e3f6d73]]>
              </value>
            </param>
          </params>
          <reporter-output>
          </reporter-output>
        </test-method> <!-- operatePA -->
        <test-method status="PASS" signature="beforeMethod(java.lang.String)[pri:0, instance:com.code.test.ibnmsConfig.PmAlarmListTest@15412e75]" name="beforeMethod" is-config="true" duration-ms="574" started-at="2014-08-17T22:48:22Z" finished-at="2014-08-17T22:48:22Z">
          <params>
            <param index="0">
              <value>
                <![CDATA[/cfgColl/listPmAlarm.action?type=1]]>
              </value>
            </param>
          </params>
          <reporter-output>
          </reporter-output>
        </test-method> <!-- beforeMethod -->
        <test-method status="PASS" signature="operatePA([Ljava.lang.String;)[pri:0, instance:com.code.test.ibnmsConfig.PmAlarmListTest@15412e75]" name="operatePA" duration-ms="33723" started-at="2014-08-17T22:48:22Z" data-provider="PmAlarmList" finished-at="2014-08-17T22:48:56Z">
          <params>
            <param index="0">
              <value>
                <![CDATA[[Ljava.lang.String;@62ad191]]>
              </value>
            </param>
          </params>
          <reporter-output>
          </reporter-output>
        </test-method> <!-- operatePA -->
        <test-method status="PASS" signature="beforeMethod(java.lang.String)[pri:0, instance:com.code.test.ibnmsConfig.PmAlarmListTest@15412e75]" name="beforeMethod" is-config="true" duration-ms="446" started-at="2014-08-17T22:48:56Z" finished-at="2014-08-17T22:48:56Z">
          <params>
            <param index="0">
              <value>
                <![CDATA[/cfgColl/listPmAlarm.action?type=1]]>
              </value>
            </param>
          </params>
          <reporter-output>
          </reporter-output>
        </test-method> <!-- beforeMethod -->
        <test-method status="FAIL" signature="deployPA([Ljava.lang.String;)[pri:0, instance:com.code.test.ibnmsConfig.PmAlarmListTest@15412e75]" name="deployPA" duration-ms="47774" started-at="2014-08-17T22:48:56Z" data-provider="PmAlarmList" finished-at="2014-08-17T22:49:44Z">
          <params>
            <param index="0">
              <value>
                <![CDATA[[Ljava.lang.String;@2f62d514]]>
              </value>
            </param>
          </params>
          <exception class="org.openqa.selenium.NoSuchElementException">
            <message>
              <![CDATA[Unable to find element with id == btn-startDeploy (WARNING: The server did not provide any stacktrace information)
Command duration or timeout: 10.11 seconds
For documentation on this error, please visit: http://seleniumhq.org/exceptions/no_such_element.html
Build info: version: '2.40.0', revision: 'fbe29a9', time: '2014-02-19 20:55:11'
System info: host: 'Jin-PC', ip: '192.168.220.1', os.name: 'Windows 7', os.arch: 'amd64', os.version: '6.1', java.version: '1.6.0_39'
Session ID: 75458e4a-011c-443a-8659-3ed8c3566eb9
Driver info: org.openqa.selenium.ie.InternetExplorerDriver
Capabilities [{platform=WINDOWS, javascriptEnabled=true, elementScrollBehavior=0, enablePersistentHover=true, ignoreZoomSetting=false, ie.ensureCleanSession=false, browserName=internet explorer, enableElementCacheCleanup=true, unexpectedAlertBehaviour=dismiss, version=8, ie.usePerProcessProxy=false, cssSelectorsEnabled=true, ignoreProtectedModeSettings=true, requireWindowFocus=false, handlesAlerts=true, initialBrowserUrl=http://localhost:47959/, ie.forceCreateProcessApi=false, nativeEvents=true, browserAttachTimeout=0, ie.browserCommandLineSwitches=, takesScreenshot=true}]]]>
            </message>
            <full-stacktrace>
              <![CDATA[org.openqa.selenium.NoSuchElementException: Unable to find element with id == btn-startDeploy (WARNING: The server did not provide any stacktrace information)
Command duration or timeout: 10.11 seconds
For documentation on this error, please visit: http://seleniumhq.org/exceptions/no_such_element.html
Build info: version: '2.40.0', revision: 'fbe29a9', time: '2014-02-19 20:55:11'
System info: host: 'Jin-PC', ip: '192.168.220.1', os.name: 'Windows 7', os.arch: 'amd64', os.version: '6.1', java.version: '1.6.0_39'
Session ID: 75458e4a-011c-443a-8659-3ed8c3566eb9
Driver info: org.openqa.selenium.ie.InternetExplorerDriver
Capabilities [{platform=WINDOWS, javascriptEnabled=true, elementScrollBehavior=0, enablePersistentHover=true, ignoreZoomSetting=false, ie.ensureCleanSession=false, browserName=internet explorer, enableElementCacheCleanup=true, unexpectedAlertBehaviour=dismiss, version=8, ie.usePerProcessProxy=false, cssSelectorsEnabled=true, ignoreProtectedModeSettings=true, requireWindowFocus=false, handlesAlerts=true, initialBrowserUrl=http://localhost:47959/, ie.forceCreateProcessApi=false, nativeEvents=true, browserAttachTimeout=0, ie.browserCommandLineSwitches=, takesScreenshot=true}]
	at sun.reflect.NativeConstructorAccessorImpl.newInstance0(Native Method)
	at sun.reflect.NativeConstructorAccessorImpl.newInstance(NativeConstructorAccessorImpl.java:39)
	at sun.reflect.DelegatingConstructorAccessorImpl.newInstance(DelegatingConstructorAccessorImpl.java:27)
	at java.lang.reflect.Constructor.newInstance(Constructor.java:513)
	at org.openqa.selenium.remote.ErrorHandler.createThrowable(ErrorHandler.java:193)
	at org.openqa.selenium.remote.ErrorHandler.throwIfResponseFailed(ErrorHandler.java:145)
	at org.openqa.selenium.remote.RemoteWebDriver.execute(RemoteWebDriver.java:573)
	at org.openqa.selenium.remote.RemoteWebDriver.findElement(RemoteWebDriver.java:326)
	at org.openqa.selenium.remote.RemoteWebDriver.findElementById(RemoteWebDriver.java:367)
	at org.openqa.selenium.By$ById.findElement(By.java:214)
	at org.openqa.selenium.remote.RemoteWebDriver.findElement(RemoteWebDriver.java:318)
	at sun.reflect.GeneratedMethodAccessor10.invoke(Unknown Source)
	at sun.reflect.DelegatingMethodAccessorImpl.invoke(DelegatingMethodAccessorImpl.java:25)
	at java.lang.reflect.Method.invoke(Method.java:597)
	at org.openqa.selenium.support.events.EventFiringWebDriver$2.invoke(EventFiringWebDriver.java:101)
	at sun.proxy.$Proxy12.findElement(Unknown Source)
	at org.openqa.selenium.support.events.EventFiringWebDriver.findElement(EventFiringWebDriver.java:184)
	at org.openqa.selenium.support.pagefactory.DefaultElementLocator.findElement(DefaultElementLocator.java:59)
	at org.openqa.selenium.support.pagefactory.internal.LocatingElementHandler.invoke(LocatingElementHandler.java:34)
	at sun.proxy.$Proxy14.click(Unknown Source)
	at com.code.common.Tools.click(Unknown Source)
	at com.code.common.BtnPage.deploy(Unknown Source)
	at com.code.page.ibnmsConfig.pmalarmList.PmalarmListPage.deployPA(Unknown Source)
	at com.code.test.ibnmsConfig.PmAlarmListTest.deployPA(Unknown Source)
	at sun.reflect.NativeMethodAccessorImpl.invoke0(Native Method)
	at sun.reflect.NativeMethodAccessorImpl.invoke(NativeMethodAccessorImpl.java:39)
	at sun.reflect.DelegatingMethodAccessorImpl.invoke(DelegatingMethodAccessorImpl.java:25)
	at java.lang.reflect.Method.invoke(Method.java:597)
	at org.testng.internal.MethodInvocationHelper.invokeMethod(MethodInvocationHelper.java:84)
	at org.testng.internal.Invoker.invokeMethod(Invoker.java:714)
	at org.testng.internal.Invoker.invokeTestMethod(Invoker.java:901)
	at org.testng.internal.Invoker.invokeTestMethods(Invoker.java:1231)
	at org.testng.internal.TestMethodWorker.invokeTestMethods(TestMethodWorker.java:127)
	at org.testng.internal.TestMethodWorker.run(TestMethodWorker.java:111)
	at org.testng.TestRunner.privateRun(TestRunner.java:767)
	at org.testng.TestRunner.run(TestRunner.java:617)
	at org.testng.SuiteRunner.runTest(SuiteRunner.java:334)
	at org.testng.SuiteRunner.runSequentially(SuiteRunner.java:329)
	at org.testng.SuiteRunner.privateRun(SuiteRunner.java:291)
	at org.testng.SuiteRunner.run(SuiteRunner.java:240)
	at org.testng.SuiteRunnerWorker.runSuite(SuiteRunnerWorker.java:52)
	at org.testng.SuiteRunnerWorker.run(SuiteRunnerWorker.java:86)
	at org.testng.TestNG.runSuitesSequentially(TestNG.java:1224)
	at org.testng.TestNG.runSuitesLocally(TestNG.java:1149)
	at org.testng.TestNG.run(TestNG.java:1057)
	at org.testng.TestNG.privateMain(TestNG.java:1364)
	at org.testng.TestNG.main(TestNG.java:1333)
]]>
            </full-stacktrace>
          </exception> <!-- org.openqa.selenium.NoSuchElementException -->
          <reporter-output>
            <line>
              <![CDATA[点击元素失败！]]>
            </line>
            <line>
              <![CDATA[TakesScreenshot截图]]>
            </line>
          </reporter-output>
        </test-method> <!-- deployPA -->
        <test-method status="PASS" signature="beforeMethod(java.lang.String)[pri:0, instance:com.code.test.ibnmsConfig.PmAlarmListTest@15412e75]" name="beforeMethod" is-config="true" duration-ms="597" started-at="2014-08-17T22:49:44Z" finished-at="2014-08-17T22:49:45Z">
          <params>
            <param index="0">
              <value>
                <![CDATA[/cfgColl/listPmAlarm.action?type=1]]>
              </value>
            </param>
          </params>
          <reporter-output>
          </reporter-output>
        </test-method> <!-- beforeMethod -->
        <test-method status="FAIL" signature="deployPA([Ljava.lang.String;)[pri:0, instance:com.code.test.ibnmsConfig.PmAlarmListTest@15412e75]" name="deployPA" duration-ms="13489" started-at="2014-08-17T22:49:45Z" data-provider="PmAlarmList" finished-at="2014-08-17T22:49:58Z">
          <params>
            <param index="0">
              <value>
                <![CDATA[[Ljava.lang.String;@1932c5a]]>
              </value>
            </param>
          </params>
          <exception class="java.lang.AssertionError">
            <message>
              <![CDATA[{用例描述=启动MQ, 列表匹配数据=seleniumPmAlarm, 操作类型=启动, 列表选择器=PmAlarm名称, 期望值=运行中, 结束标记=结束, 用例编号=CASE2, 是否运行=是, 备注=正确数据，未后续做准备, 状态字段=运行状态} expected [运行中] but found [已停止]]]>
            </message>
            <full-stacktrace>
              <![CDATA[java.lang.AssertionError: {用例描述=启动MQ, 列表匹配数据=seleniumPmAlarm, 操作类型=启动, 列表选择器=PmAlarm名称, 期望值=运行中, 结束标记=结束, 用例编号=CASE2, 是否运行=是, 备注=正确数据，未后续做准备, 状态字段=运行状态} expected [运行中] but found [已停止]
	at org.testng.Assert.fail(Assert.java:94)
	at org.testng.Assert.failNotEquals(Assert.java:494)
	at org.testng.Assert.assertEquals(Assert.java:123)
	at com.code.common.Tools.assertEquals(Unknown Source)
	at com.code.test.ibnmsConfig.PmAlarmListTest.deployPA(Unknown Source)
	at sun.reflect.NativeMethodAccessorImpl.invoke0(Native Method)
	at sun.reflect.NativeMethodAccessorImpl.invoke(NativeMethodAccessorImpl.java:39)
	at sun.reflect.DelegatingMethodAccessorImpl.invoke(DelegatingMethodAccessorImpl.java:25)
	at java.lang.reflect.Method.invoke(Method.java:597)
	at org.testng.internal.MethodInvocationHelper.invokeMethod(MethodInvocationHelper.java:84)
	at org.testng.internal.Invoker.invokeMethod(Invoker.java:714)
	at org.testng.internal.Invoker.invokeTestMethod(Invoker.java:901)
	at org.testng.internal.Invoker.invokeTestMethods(Invoker.java:1231)
	at org.testng.internal.TestMethodWorker.invokeTestMethods(TestMethodWorker.java:127)
	at org.testng.internal.TestMethodWorker.run(TestMethodWorker.java:111)
	at org.testng.TestRunner.privateRun(TestRunner.java:767)
	at org.testng.TestRunner.run(TestRunner.java:617)
	at org.testng.SuiteRunner.runTest(SuiteRunner.java:334)
	at org.testng.SuiteRunner.runSequentially(SuiteRunner.java:329)
	at org.testng.SuiteRunner.privateRun(SuiteRunner.java:291)
	at org.testng.SuiteRunner.run(SuiteRunner.java:240)
	at org.testng.SuiteRunnerWorker.runSuite(SuiteRunnerWorker.java:52)
	at org.testng.SuiteRunnerWorker.run(SuiteRunnerWorker.java:86)
	at org.testng.TestNG.runSuitesSequentially(TestNG.java:1224)
	at org.testng.TestNG.runSuitesLocally(TestNG.java:1149)
	at org.testng.TestNG.run(TestNG.java:1057)
	at org.testng.TestNG.privateMain(TestNG.java:1364)
	at org.testng.TestNG.main(TestNG.java:1333)
]]>
            </full-stacktrace>
          </exception> <!-- java.lang.AssertionError -->
          <reporter-output>
            <line>
              <![CDATA[TakesScreenshot截图]]>
            </line>
            <line>
              <![CDATA[{用例描述=启动MQ, 列表匹配数据=seleniumPmAlarm, 操作类型=启动, 列表选择器=PmAlarm名称, 期望值=运行中, 结束标记=结束, 用例编号=CASE2, 是否运行=是, 备注=正确数据，未后续做准备, 状态字段=运行状态}]]>
            </line>
          </reporter-output>
        </test-method> <!-- deployPA -->
        <test-method status="PASS" signature="beforeMethod(java.lang.String)[pri:0, instance:com.code.test.ibnmsConfig.PmAlarmListTest@15412e75]" name="beforeMethod" is-config="true" duration-ms="448" started-at="2014-08-17T22:49:58Z" finished-at="2014-08-17T22:49:59Z">
          <params>
            <param index="0">
              <value>
                <![CDATA[/cfgColl/listPmAlarm.action?type=1]]>
              </value>
            </param>
          </params>
          <reporter-output>
          </reporter-output>
        </test-method> <!-- beforeMethod -->
        <test-method status="FAIL" signature="deployPA([Ljava.lang.String;)[pri:0, instance:com.code.test.ibnmsConfig.PmAlarmListTest@15412e75]" name="deployPA" duration-ms="7193" started-at="2014-08-17T22:49:59Z" data-provider="PmAlarmList" finished-at="2014-08-17T22:50:06Z">
          <params>
            <param index="0">
              <value>
                <![CDATA[[Ljava.lang.String;@6544c984]]>
              </value>
            </param>
          </params>
          <exception class="org.openqa.selenium.NoAlertPresentException">
            <message>
              <![CDATA[No alert is active (WARNING: The server did not provide any stacktrace information)
Command duration or timeout: 102 milliseconds
Build info: version: '2.40.0', revision: 'fbe29a9', time: '2014-02-19 20:55:11'
System info: host: 'Jin-PC', ip: '192.168.220.1', os.name: 'Windows 7', os.arch: 'amd64', os.version: '6.1', java.version: '1.6.0_39'
Session ID: 75458e4a-011c-443a-8659-3ed8c3566eb9
Driver info: org.openqa.selenium.ie.InternetExplorerDriver
Capabilities [{platform=WINDOWS, javascriptEnabled=true, elementScrollBehavior=0, enablePersistentHover=true, ignoreZoomSetting=false, ie.ensureCleanSession=false, browserName=internet explorer, enableElementCacheCleanup=true, unexpectedAlertBehaviour=dismiss, version=8, ie.usePerProcessProxy=false, cssSelectorsEnabled=true, ignoreProtectedModeSettings=true, requireWindowFocus=false, handlesAlerts=true, initialBrowserUrl=http://localhost:47959/, ie.forceCreateProcessApi=false, nativeEvents=true, browserAttachTimeout=0, ie.browserCommandLineSwitches=, takesScreenshot=true}]]]>
            </message>
            <full-stacktrace>
              <![CDATA[org.openqa.selenium.NoAlertPresentException: No alert is active (WARNING: The server did not provide any stacktrace information)
Command duration or timeout: 102 milliseconds
Build info: version: '2.40.0', revision: 'fbe29a9', time: '2014-02-19 20:55:11'
System info: host: 'Jin-PC', ip: '192.168.220.1', os.name: 'Windows 7', os.arch: 'amd64', os.version: '6.1', java.version: '1.6.0_39'
Session ID: 75458e4a-011c-443a-8659-3ed8c3566eb9
Driver info: org.openqa.selenium.ie.InternetExplorerDriver
Capabilities [{platform=WINDOWS, javascriptEnabled=true, elementScrollBehavior=0, enablePersistentHover=true, ignoreZoomSetting=false, ie.ensureCleanSession=false, browserName=internet explorer, enableElementCacheCleanup=true, unexpectedAlertBehaviour=dismiss, version=8, ie.usePerProcessProxy=false, cssSelectorsEnabled=true, ignoreProtectedModeSettings=true, requireWindowFocus=false, handlesAlerts=true, initialBrowserUrl=http://localhost:47959/, ie.forceCreateProcessApi=false, nativeEvents=true, browserAttachTimeout=0, ie.browserCommandLineSwitches=, takesScreenshot=true}]
	at sun.reflect.NativeConstructorAccessorImpl.newInstance0(Native Method)
	at sun.reflect.NativeConstructorAccessorImpl.newInstance(NativeConstructorAccessorImpl.java:39)
	at sun.reflect.DelegatingConstructorAccessorImpl.newInstance(DelegatingConstructorAccessorImpl.java:27)
	at java.lang.reflect.Constructor.newInstance(Constructor.java:513)
	at org.openqa.selenium.remote.ErrorHandler.createThrowable(ErrorHandler.java:193)
	at org.openqa.selenium.remote.ErrorHandler.throwIfResponseFailed(ErrorHandler.java:145)
	at org.openqa.selenium.remote.RemoteWebDriver.execute(RemoteWebDriver.java:573)
	at org.openqa.selenium.remote.RemoteWebDriver.execute(RemoteWebDriver.java:588)
	at org.openqa.selenium.remote.RemoteWebDriver$RemoteTargetLocator.alert(RemoteWebDriver.java:868)
	at org.openqa.selenium.support.events.EventFiringWebDriver$EventFiringTargetLocator.alert(EventFiringWebDriver.java:597)
	at com.code.common.Tools.alertAccept(Unknown Source)
	at com.code.common.BtnPage.shutdown(Unknown Source)
	at com.code.page.ibnmsConfig.pmalarmList.PmalarmListPage.deployPA(Unknown Source)
	at com.code.test.ibnmsConfig.PmAlarmListTest.deployPA(Unknown Source)
	at sun.reflect.NativeMethodAccessorImpl.invoke0(Native Method)
	at sun.reflect.NativeMethodAccessorImpl.invoke(NativeMethodAccessorImpl.java:39)
	at sun.reflect.DelegatingMethodAccessorImpl.invoke(DelegatingMethodAccessorImpl.java:25)
	at java.lang.reflect.Method.invoke(Method.java:597)
	at org.testng.internal.MethodInvocationHelper.invokeMethod(MethodInvocationHelper.java:84)
	at org.testng.internal.Invoker.invokeMethod(Invoker.java:714)
	at org.testng.internal.Invoker.invokeTestMethod(Invoker.java:901)
	at org.testng.internal.Invoker.invokeTestMethods(Invoker.java:1231)
	at org.testng.internal.TestMethodWorker.invokeTestMethods(TestMethodWorker.java:127)
	at org.testng.internal.TestMethodWorker.run(TestMethodWorker.java:111)
	at org.testng.TestRunner.privateRun(TestRunner.java:767)
	at org.testng.TestRunner.run(TestRunner.java:617)
	at org.testng.SuiteRunner.runTest(SuiteRunner.java:334)
	at org.testng.SuiteRunner.runSequentially(SuiteRunner.java:329)
	at org.testng.SuiteRunner.privateRun(SuiteRunner.java:291)
	at org.testng.SuiteRunner.run(SuiteRunner.java:240)
	at org.testng.SuiteRunnerWorker.runSuite(SuiteRunnerWorker.java:52)
	at org.testng.SuiteRunnerWorker.run(SuiteRunnerWorker.java:86)
	at org.testng.TestNG.runSuitesSequentially(TestNG.java:1224)
	at org.testng.TestNG.runSuitesLocally(TestNG.java:1149)
	at org.testng.TestNG.run(TestNG.java:1057)
	at org.testng.TestNG.privateMain(TestNG.java:1364)
	at org.testng.TestNG.main(TestNG.java:1333)
]]>
            </full-stacktrace>
          </exception> <!-- org.openqa.selenium.NoAlertPresentException -->
          <reporter-output>
          </reporter-output>
        </test-method> <!-- deployPA -->
        <test-method status="PASS" signature="beforeMethod(java.lang.String)[pri:0, instance:com.code.test.ibnmsConfig.PmAlarmListTest@15412e75]" name="beforeMethod" is-config="true" duration-ms="582" started-at="2014-08-17T22:50:06Z" finished-at="2014-08-17T22:50:07Z">
          <params>
            <param index="0">
              <value>
                <![CDATA[/cfgColl/listPmAlarm.action?type=1]]>
              </value>
            </param>
          </params>
          <reporter-output>
          </reporter-output>
        </test-method> <!-- beforeMethod -->
        <test-method status="FAIL" signature="deployPA([Ljava.lang.String;)[pri:0, instance:com.code.test.ibnmsConfig.PmAlarmListTest@15412e75]" name="deployPA" duration-ms="7455" started-at="2014-08-17T22:50:07Z" data-provider="PmAlarmList" finished-at="2014-08-17T22:50:14Z">
          <params>
            <param index="0">
              <value>
                <![CDATA[[Ljava.lang.String;@70a2d0d]]>
              </value>
            </param>
          </params>
          <exception class="org.openqa.selenium.NoAlertPresentException">
            <message>
              <![CDATA[No alert is active (WARNING: The server did not provide any stacktrace information)
Command duration or timeout: 101 milliseconds
Build info: version: '2.40.0', revision: 'fbe29a9', time: '2014-02-19 20:55:11'
System info: host: 'Jin-PC', ip: '192.168.220.1', os.name: 'Windows 7', os.arch: 'amd64', os.version: '6.1', java.version: '1.6.0_39'
Session ID: 75458e4a-011c-443a-8659-3ed8c3566eb9
Driver info: org.openqa.selenium.ie.InternetExplorerDriver
Capabilities [{platform=WINDOWS, javascriptEnabled=true, elementScrollBehavior=0, enablePersistentHover=true, ignoreZoomSetting=false, ie.ensureCleanSession=false, browserName=internet explorer, enableElementCacheCleanup=true, unexpectedAlertBehaviour=dismiss, version=8, ie.usePerProcessProxy=false, cssSelectorsEnabled=true, ignoreProtectedModeSettings=true, requireWindowFocus=false, handlesAlerts=true, initialBrowserUrl=http://localhost:47959/, ie.forceCreateProcessApi=false, nativeEvents=true, browserAttachTimeout=0, ie.browserCommandLineSwitches=, takesScreenshot=true}]]]>
            </message>
            <full-stacktrace>
              <![CDATA[org.openqa.selenium.NoAlertPresentException: No alert is active (WARNING: The server did not provide any stacktrace information)
Command duration or timeout: 101 milliseconds
Build info: version: '2.40.0', revision: 'fbe29a9', time: '2014-02-19 20:55:11'
System info: host: 'Jin-PC', ip: '192.168.220.1', os.name: 'Windows 7', os.arch: 'amd64', os.version: '6.1', java.version: '1.6.0_39'
Session ID: 75458e4a-011c-443a-8659-3ed8c3566eb9
Driver info: org.openqa.selenium.ie.InternetExplorerDriver
Capabilities [{platform=WINDOWS, javascriptEnabled=true, elementScrollBehavior=0, enablePersistentHover=true, ignoreZoomSetting=false, ie.ensureCleanSession=false, browserName=internet explorer, enableElementCacheCleanup=true, unexpectedAlertBehaviour=dismiss, version=8, ie.usePerProcessProxy=false, cssSelectorsEnabled=true, ignoreProtectedModeSettings=true, requireWindowFocus=false, handlesAlerts=true, initialBrowserUrl=http://localhost:47959/, ie.forceCreateProcessApi=false, nativeEvents=true, browserAttachTimeout=0, ie.browserCommandLineSwitches=, takesScreenshot=true}]
	at sun.reflect.NativeConstructorAccessorImpl.newInstance0(Native Method)
	at sun.reflect.NativeConstructorAccessorImpl.newInstance(NativeConstructorAccessorImpl.java:39)
	at sun.reflect.DelegatingConstructorAccessorImpl.newInstance(DelegatingConstructorAccessorImpl.java:27)
	at java.lang.reflect.Constructor.newInstance(Constructor.java:513)
	at org.openqa.selenium.remote.ErrorHandler.createThrowable(ErrorHandler.java:193)
	at org.openqa.selenium.remote.ErrorHandler.throwIfResponseFailed(ErrorHandler.java:145)
	at org.openqa.selenium.remote.RemoteWebDriver.execute(RemoteWebDriver.java:573)
	at org.openqa.selenium.remote.RemoteWebDriver.execute(RemoteWebDriver.java:588)
	at org.openqa.selenium.remote.RemoteWebDriver$RemoteTargetLocator.alert(RemoteWebDriver.java:868)
	at org.openqa.selenium.support.events.EventFiringWebDriver$EventFiringTargetLocator.alert(EventFiringWebDriver.java:597)
	at com.code.common.Tools.alertAccept(Unknown Source)
	at com.code.common.BtnPage.remove(Unknown Source)
	at com.code.page.ibnmsConfig.pmalarmList.PmalarmListPage.deployPA(Unknown Source)
	at com.code.test.ibnmsConfig.PmAlarmListTest.deployPA(Unknown Source)
	at sun.reflect.NativeMethodAccessorImpl.invoke0(Native Method)
	at sun.reflect.NativeMethodAccessorImpl.invoke(NativeMethodAccessorImpl.java:39)
	at sun.reflect.DelegatingMethodAccessorImpl.invoke(DelegatingMethodAccessorImpl.java:25)
	at java.lang.reflect.Method.invoke(Method.java:597)
	at org.testng.internal.MethodInvocationHelper.invokeMethod(MethodInvocationHelper.java:84)
	at org.testng.internal.Invoker.invokeMethod(Invoker.java:714)
	at org.testng.internal.Invoker.invokeTestMethod(Invoker.java:901)
	at org.testng.internal.Invoker.invokeTestMethods(Invoker.java:1231)
	at org.testng.internal.TestMethodWorker.invokeTestMethods(TestMethodWorker.java:127)
	at org.testng.internal.TestMethodWorker.run(TestMethodWorker.java:111)
	at org.testng.TestRunner.privateRun(TestRunner.java:767)
	at org.testng.TestRunner.run(TestRunner.java:617)
	at org.testng.SuiteRunner.runTest(SuiteRunner.java:334)
	at org.testng.SuiteRunner.runSequentially(SuiteRunner.java:329)
	at org.testng.SuiteRunner.privateRun(SuiteRunner.java:291)
	at org.testng.SuiteRunner.run(SuiteRunner.java:240)
	at org.testng.SuiteRunnerWorker.runSuite(SuiteRunnerWorker.java:52)
	at org.testng.SuiteRunnerWorker.run(SuiteRunnerWorker.java:86)
	at org.testng.TestNG.runSuitesSequentially(TestNG.java:1224)
	at org.testng.TestNG.runSuitesLocally(TestNG.java:1149)
	at org.testng.TestNG.run(TestNG.java:1057)
	at org.testng.TestNG.privateMain(TestNG.java:1364)
	at org.testng.TestNG.main(TestNG.java:1333)
]]>
            </full-stacktrace>
          </exception> <!-- org.openqa.selenium.NoAlertPresentException -->
          <reporter-output>
          </reporter-output>
        </test-method> <!-- deployPA -->
        <test-method status="PASS" signature="beforeMethod(java.lang.String)[pri:0, instance:com.code.test.ibnmsConfig.PmAlarmListTest@15412e75]" name="beforeMethod" is-config="true" duration-ms="479" started-at="2014-08-17T22:50:14Z" finished-at="2014-08-17T22:50:14Z">
          <params>
            <param index="0">
              <value>
                <![CDATA[/cfgColl/listPmAlarm.action?type=1]]>
              </value>
            </param>
          </params>
          <reporter-output>
          </reporter-output>
        </test-method> <!-- beforeMethod -->
        <test-method status="FAIL" signature="deployPA([Ljava.lang.String;)[pri:0, instance:com.code.test.ibnmsConfig.PmAlarmListTest@15412e75]" name="deployPA" duration-ms="47360" started-at="2014-08-17T22:50:14Z" data-provider="PmAlarmList" finished-at="2014-08-17T22:51:02Z">
          <params>
            <param index="0">
              <value>
                <![CDATA[[Ljava.lang.String;@2d13b417]]>
              </value>
            </param>
          </params>
          <exception class="org.openqa.selenium.NoSuchElementException">
            <message>
              <![CDATA[Unable to find element with id == btn-startDeploy (WARNING: The server did not provide any stacktrace information)
Command duration or timeout: 10.13 seconds
For documentation on this error, please visit: http://seleniumhq.org/exceptions/no_such_element.html
Build info: version: '2.40.0', revision: 'fbe29a9', time: '2014-02-19 20:55:11'
System info: host: 'Jin-PC', ip: '192.168.220.1', os.name: 'Windows 7', os.arch: 'amd64', os.version: '6.1', java.version: '1.6.0_39'
Session ID: 75458e4a-011c-443a-8659-3ed8c3566eb9
Driver info: org.openqa.selenium.ie.InternetExplorerDriver
Capabilities [{platform=WINDOWS, javascriptEnabled=true, elementScrollBehavior=0, enablePersistentHover=true, ignoreZoomSetting=false, ie.ensureCleanSession=false, browserName=internet explorer, enableElementCacheCleanup=true, unexpectedAlertBehaviour=dismiss, version=8, ie.usePerProcessProxy=false, cssSelectorsEnabled=true, ignoreProtectedModeSettings=true, requireWindowFocus=false, handlesAlerts=true, initialBrowserUrl=http://localhost:47959/, ie.forceCreateProcessApi=false, nativeEvents=true, browserAttachTimeout=0, ie.browserCommandLineSwitches=, takesScreenshot=true}]]]>
            </message>
            <full-stacktrace>
              <![CDATA[org.openqa.selenium.NoSuchElementException: Unable to find element with id == btn-startDeploy (WARNING: The server did not provide any stacktrace information)
Command duration or timeout: 10.13 seconds
For documentation on this error, please visit: http://seleniumhq.org/exceptions/no_such_element.html
Build info: version: '2.40.0', revision: 'fbe29a9', time: '2014-02-19 20:55:11'
System info: host: 'Jin-PC', ip: '192.168.220.1', os.name: 'Windows 7', os.arch: 'amd64', os.version: '6.1', java.version: '1.6.0_39'
Session ID: 75458e4a-011c-443a-8659-3ed8c3566eb9
Driver info: org.openqa.selenium.ie.InternetExplorerDriver
Capabilities [{platform=WINDOWS, javascriptEnabled=true, elementScrollBehavior=0, enablePersistentHover=true, ignoreZoomSetting=false, ie.ensureCleanSession=false, browserName=internet explorer, enableElementCacheCleanup=true, unexpectedAlertBehaviour=dismiss, version=8, ie.usePerProcessProxy=false, cssSelectorsEnabled=true, ignoreProtectedModeSettings=true, requireWindowFocus=false, handlesAlerts=true, initialBrowserUrl=http://localhost:47959/, ie.forceCreateProcessApi=false, nativeEvents=true, browserAttachTimeout=0, ie.browserCommandLineSwitches=, takesScreenshot=true}]
	at sun.reflect.GeneratedConstructorAccessor19.newInstance(Unknown Source)
	at sun.reflect.DelegatingConstructorAccessorImpl.newInstance(DelegatingConstructorAccessorImpl.java:27)
	at java.lang.reflect.Constructor.newInstance(Constructor.java:513)
	at org.openqa.selenium.remote.ErrorHandler.createThrowable(ErrorHandler.java:193)
	at org.openqa.selenium.remote.ErrorHandler.throwIfResponseFailed(ErrorHandler.java:145)
	at org.openqa.selenium.remote.RemoteWebDriver.execute(RemoteWebDriver.java:573)
	at org.openqa.selenium.remote.RemoteWebDriver.findElement(RemoteWebDriver.java:326)
	at org.openqa.selenium.remote.RemoteWebDriver.findElementById(RemoteWebDriver.java:367)
	at org.openqa.selenium.By$ById.findElement(By.java:214)
	at org.openqa.selenium.remote.RemoteWebDriver.findElement(RemoteWebDriver.java:318)
	at sun.reflect.GeneratedMethodAccessor10.invoke(Unknown Source)
	at sun.reflect.DelegatingMethodAccessorImpl.invoke(DelegatingMethodAccessorImpl.java:25)
	at java.lang.reflect.Method.invoke(Method.java:597)
	at org.openqa.selenium.support.events.EventFiringWebDriver$2.invoke(EventFiringWebDriver.java:101)
	at sun.proxy.$Proxy12.findElement(Unknown Source)
	at org.openqa.selenium.support.events.EventFiringWebDriver.findElement(EventFiringWebDriver.java:184)
	at org.openqa.selenium.support.pagefactory.DefaultElementLocator.findElement(DefaultElementLocator.java:59)
	at org.openqa.selenium.support.pagefactory.internal.LocatingElementHandler.invoke(LocatingElementHandler.java:34)
	at sun.proxy.$Proxy14.click(Unknown Source)
	at com.code.common.Tools.click(Unknown Source)
	at com.code.common.BtnPage.deploy(Unknown Source)
	at com.code.page.ibnmsConfig.pmalarmList.PmalarmListPage.deployPA(Unknown Source)
	at com.code.test.ibnmsConfig.PmAlarmListTest.deployPA(Unknown Source)
	at sun.reflect.NativeMethodAccessorImpl.invoke0(Native Method)
	at sun.reflect.NativeMethodAccessorImpl.invoke(NativeMethodAccessorImpl.java:39)
	at sun.reflect.DelegatingMethodAccessorImpl.invoke(DelegatingMethodAccessorImpl.java:25)
	at java.lang.reflect.Method.invoke(Method.java:597)
	at org.testng.internal.MethodInvocationHelper.invokeMethod(MethodInvocationHelper.java:84)
	at org.testng.internal.Invoker.invokeMethod(Invoker.java:714)
	at org.testng.internal.Invoker.invokeTestMethod(Invoker.java:901)
	at org.testng.internal.Invoker.invokeTestMethods(Invoker.java:1231)
	at org.testng.internal.TestMethodWorker.invokeTestMethods(TestMethodWorker.java:127)
	at org.testng.internal.TestMethodWorker.run(TestMethodWorker.java:111)
	at org.testng.TestRunner.privateRun(TestRunner.java:767)
	at org.testng.TestRunner.run(TestRunner.java:617)
	at org.testng.SuiteRunner.runTest(SuiteRunner.java:334)
	at org.testng.SuiteRunner.runSequentially(SuiteRunner.java:329)
	at org.testng.SuiteRunner.privateRun(SuiteRunner.java:291)
	at org.testng.SuiteRunner.run(SuiteRunner.java:240)
	at org.testng.SuiteRunnerWorker.runSuite(SuiteRunnerWorker.java:52)
	at org.testng.SuiteRunnerWorker.run(SuiteRunnerWorker.java:86)
	at org.testng.TestNG.runSuitesSequentially(TestNG.java:1224)
	at org.testng.TestNG.runSuitesLocally(TestNG.java:1149)
	at org.testng.TestNG.run(TestNG.java:1057)
	at org.testng.TestNG.privateMain(TestNG.java:1364)
	at org.testng.TestNG.main(TestNG.java:1333)
]]>
            </full-stacktrace>
          </exception> <!-- org.openqa.selenium.NoSuchElementException -->
          <reporter-output>
            <line>
              <![CDATA[点击元素失败！]]>
            </line>
            <line>
              <![CDATA[TakesScreenshot截图]]>
            </line>
          </reporter-output>
        </test-method> <!-- deployPA -->
        <test-method status="PASS" signature="beforeMethod(java.lang.String)[pri:0, instance:com.code.test.ibnmsConfig.PmAlarmListTest@15412e75]" name="beforeMethod" is-config="true" duration-ms="524" started-at="2014-08-17T22:51:02Z" finished-at="2014-08-17T22:51:02Z">
          <params>
            <param index="0">
              <value>
                <![CDATA[/cfgColl/listPmAlarm.action?type=1]]>
              </value>
            </param>
          </params>
          <reporter-output>
          </reporter-output>
        </test-method> <!-- beforeMethod -->
        <test-method status="FAIL" signature="deployPA([Ljava.lang.String;)[pri:0, instance:com.code.test.ibnmsConfig.PmAlarmListTest@15412e75]" name="deployPA" duration-ms="13031" started-at="2014-08-17T22:51:02Z" data-provider="PmAlarmList" finished-at="2014-08-17T22:51:15Z">
          <params>
            <param index="0">
              <value>
                <![CDATA[[Ljava.lang.String;@6894691f]]>
              </value>
            </param>
          </params>
          <exception class="java.lang.AssertionError">
            <message>
              <![CDATA[{用例描述=启动MQ, 列表匹配数据=seleniumPmAlarm, 操作类型=启动, 列表选择器=PmAlarm名称, 期望值=运行中, 结束标记=结束, 用例编号=CASE2, 是否运行=是, 备注=正确数据，未后续做准备, 状态字段=运行状态} expected [运行中] but found [已停止]]]>
            </message>
            <full-stacktrace>
              <![CDATA[java.lang.AssertionError: {用例描述=启动MQ, 列表匹配数据=seleniumPmAlarm, 操作类型=启动, 列表选择器=PmAlarm名称, 期望值=运行中, 结束标记=结束, 用例编号=CASE2, 是否运行=是, 备注=正确数据，未后续做准备, 状态字段=运行状态} expected [运行中] but found [已停止]
	at org.testng.Assert.fail(Assert.java:94)
	at org.testng.Assert.failNotEquals(Assert.java:494)
	at org.testng.Assert.assertEquals(Assert.java:123)
	at com.code.common.Tools.assertEquals(Unknown Source)
	at com.code.test.ibnmsConfig.PmAlarmListTest.deployPA(Unknown Source)
	at sun.reflect.NativeMethodAccessorImpl.invoke0(Native Method)
	at sun.reflect.NativeMethodAccessorImpl.invoke(NativeMethodAccessorImpl.java:39)
	at sun.reflect.DelegatingMethodAccessorImpl.invoke(DelegatingMethodAccessorImpl.java:25)
	at java.lang.reflect.Method.invoke(Method.java:597)
	at org.testng.internal.MethodInvocationHelper.invokeMethod(MethodInvocationHelper.java:84)
	at org.testng.internal.Invoker.invokeMethod(Invoker.java:714)
	at org.testng.internal.Invoker.invokeTestMethod(Invoker.java:901)
	at org.testng.internal.Invoker.invokeTestMethods(Invoker.java:1231)
	at org.testng.internal.TestMethodWorker.invokeTestMethods(TestMethodWorker.java:127)
	at org.testng.internal.TestMethodWorker.run(TestMethodWorker.java:111)
	at org.testng.TestRunner.privateRun(TestRunner.java:767)
	at org.testng.TestRunner.run(TestRunner.java:617)
	at org.testng.SuiteRunner.runTest(SuiteRunner.java:334)
	at org.testng.SuiteRunner.runSequentially(SuiteRunner.java:329)
	at org.testng.SuiteRunner.privateRun(SuiteRunner.java:291)
	at org.testng.SuiteRunner.run(SuiteRunner.java:240)
	at org.testng.SuiteRunnerWorker.runSuite(SuiteRunnerWorker.java:52)
	at org.testng.SuiteRunnerWorker.run(SuiteRunnerWorker.java:86)
	at org.testng.TestNG.runSuitesSequentially(TestNG.java:1224)
	at org.testng.TestNG.runSuitesLocally(TestNG.java:1149)
	at org.testng.TestNG.run(TestNG.java:1057)
	at org.testng.TestNG.privateMain(TestNG.java:1364)
	at org.testng.TestNG.main(TestNG.java:1333)
]]>
            </full-stacktrace>
          </exception> <!-- java.lang.AssertionError -->
          <reporter-output>
            <line>
              <![CDATA[TakesScreenshot截图]]>
            </line>
            <line>
              <![CDATA[{用例描述=启动MQ, 列表匹配数据=seleniumPmAlarm, 操作类型=启动, 列表选择器=PmAlarm名称, 期望值=运行中, 结束标记=结束, 用例编号=CASE2, 是否运行=是, 备注=正确数据，未后续做准备, 状态字段=运行状态}]]>
            </line>
          </reporter-output>
        </test-method> <!-- deployPA -->
        <test-method status="PASS" signature="afterSuite()[pri:0, instance:com.code.test.ibnmsConfig.PmAlarmListTest@15412e75]" name="afterSuite" is-config="true" duration-ms="4035" started-at="2014-08-17T22:54:20Z" finished-at="2014-08-17T22:54:24Z">
          <reporter-output>
          </reporter-output>
        </test-method> <!-- afterSuite -->
      </class> <!-- com.code.test.ibnmsConfig.PmAlarmListTest -->
      <class name="com.code.test.ibnmsConfig.AgListTest">
        <test-method status="PASS" signature="beforeMethod(java.lang.String)[pri:0, instance:com.code.test.ibnmsConfig.AgListTest@3a4c5b4]" name="beforeMethod" is-config="true" duration-ms="697" started-at="2014-08-17T22:39:51Z" finished-at="2014-08-17T22:39:51Z">
          <params>
            <param index="0">
              <value>
                <![CDATA[/cfgColl/listAgent.action?type=1]]>
              </value>
            </param>
          </params>
          <reporter-output>
          </reporter-output>
        </test-method> <!-- beforeMethod -->
        <test-method status="PASS" signature="searchAG([Ljava.lang.String;)[pri:0, instance:com.code.test.ibnmsConfig.AgListTest@3a4c5b4]" name="searchAG" duration-ms="4360" started-at="2014-08-17T22:39:51Z" data-provider="agList" finished-at="2014-08-17T22:39:56Z">
          <params>
            <param index="0">
              <value>
                <![CDATA[[Ljava.lang.String;@2a6a4b6]]>
              </value>
            </param>
          </params>
          <reporter-output>
          </reporter-output>
        </test-method> <!-- searchAG -->
        <test-method status="PASS" signature="beforeMethod(java.lang.String)[pri:0, instance:com.code.test.ibnmsConfig.AgListTest@3a4c5b4]" name="beforeMethod" is-config="true" duration-ms="473" started-at="2014-08-17T22:39:56Z" finished-at="2014-08-17T22:39:56Z">
          <params>
            <param index="0">
              <value>
                <![CDATA[/cfgColl/listAgent.action?type=1]]>
              </value>
            </param>
          </params>
          <reporter-output>
          </reporter-output>
        </test-method> <!-- beforeMethod -->
        <test-method status="PASS" signature="searchAG([Ljava.lang.String;)[pri:0, instance:com.code.test.ibnmsConfig.AgListTest@3a4c5b4]" name="searchAG" duration-ms="24738" started-at="2014-08-17T22:39:56Z" data-provider="agList" finished-at="2014-08-17T22:40:21Z">
          <params>
            <param index="0">
              <value>
                <![CDATA[[Ljava.lang.String;@a87aa16]]>
              </value>
            </param>
          </params>
          <reporter-output>
          </reporter-output>
        </test-method> <!-- searchAG -->
        <test-method status="PASS" signature="beforeMethod(java.lang.String)[pri:0, instance:com.code.test.ibnmsConfig.AgListTest@3a4c5b4]" name="beforeMethod" is-config="true" duration-ms="484" started-at="2014-08-17T22:40:21Z" finished-at="2014-08-17T22:40:22Z">
          <params>
            <param index="0">
              <value>
                <![CDATA[/cfgColl/listAgent.action?type=1]]>
              </value>
            </param>
          </params>
          <reporter-output>
          </reporter-output>
        </test-method> <!-- beforeMethod -->
        <test-method status="PASS" signature="searchAG([Ljava.lang.String;)[pri:0, instance:com.code.test.ibnmsConfig.AgListTest@3a4c5b4]" name="searchAG" duration-ms="3763" started-at="2014-08-17T22:40:22Z" data-provider="agList" finished-at="2014-08-17T22:40:25Z">
          <params>
            <param index="0">
              <value>
                <![CDATA[[Ljava.lang.String;@50af8fc0]]>
              </value>
            </param>
          </params>
          <reporter-output>
          </reporter-output>
        </test-method> <!-- searchAG -->
        <test-method status="PASS" signature="beforeMethod(java.lang.String)[pri:0, instance:com.code.test.ibnmsConfig.AgListTest@3a4c5b4]" name="beforeMethod" is-config="true" duration-ms="458" started-at="2014-08-17T22:40:25Z" finished-at="2014-08-17T22:40:26Z">
          <params>
            <param index="0">
              <value>
                <![CDATA[/cfgColl/listAgent.action?type=1]]>
              </value>
            </param>
          </params>
          <reporter-output>
          </reporter-output>
        </test-method> <!-- beforeMethod -->
        <test-method status="PASS" signature="searchAG([Ljava.lang.String;)[pri:0, instance:com.code.test.ibnmsConfig.AgListTest@3a4c5b4]" name="searchAG" duration-ms="6012" started-at="2014-08-17T22:40:26Z" data-provider="agList" finished-at="2014-08-17T22:40:32Z">
          <params>
            <param index="0">
              <value>
                <![CDATA[[Ljava.lang.String;@3606afa2]]>
              </value>
            </param>
          </params>
          <reporter-output>
          </reporter-output>
        </test-method> <!-- searchAG -->
        <test-method status="PASS" signature="beforeMethod(java.lang.String)[pri:0, instance:com.code.test.ibnmsConfig.AgListTest@3a4c5b4]" name="beforeMethod" is-config="true" duration-ms="458" started-at="2014-08-17T22:40:32Z" finished-at="2014-08-17T22:40:32Z">
          <params>
            <param index="0">
              <value>
                <![CDATA[/cfgColl/listAgent.action?type=1]]>
              </value>
            </param>
          </params>
          <reporter-output>
          </reporter-output>
        </test-method> <!-- beforeMethod -->
        <test-method status="PASS" signature="operateAG([Ljava.lang.String;)[pri:0, instance:com.code.test.ibnmsConfig.AgListTest@3a4c5b4]" name="operateAG" duration-ms="17731" started-at="2014-08-17T22:40:32Z" data-provider="agList" finished-at="2014-08-17T22:40:50Z">
          <params>
            <param index="0">
              <value>
                <![CDATA[[Ljava.lang.String;@5b2e84f4]]>
              </value>
            </param>
          </params>
          <reporter-output>
          </reporter-output>
        </test-method> <!-- operateAG -->
        <test-method status="PASS" signature="beforeMethod(java.lang.String)[pri:0, instance:com.code.test.ibnmsConfig.AgListTest@3a4c5b4]" name="beforeMethod" is-config="true" duration-ms="480" started-at="2014-08-17T22:40:50Z" finished-at="2014-08-17T22:40:51Z">
          <params>
            <param index="0">
              <value>
                <![CDATA[/cfgColl/listAgent.action?type=1]]>
              </value>
            </param>
          </params>
          <reporter-output>
          </reporter-output>
        </test-method> <!-- beforeMethod -->
        <test-method status="PASS" signature="operateAG([Ljava.lang.String;)[pri:0, instance:com.code.test.ibnmsConfig.AgListTest@3a4c5b4]" name="operateAG" duration-ms="36297" started-at="2014-08-17T22:40:51Z" data-provider="agList" finished-at="2014-08-17T22:41:27Z">
          <params>
            <param index="0">
              <value>
                <![CDATA[[Ljava.lang.String;@4b1addf0]]>
              </value>
            </param>
          </params>
          <reporter-output>
          </reporter-output>
        </test-method> <!-- operateAG -->
        <test-method status="PASS" signature="beforeMethod(java.lang.String)[pri:0, instance:com.code.test.ibnmsConfig.AgListTest@3a4c5b4]" name="beforeMethod" is-config="true" duration-ms="608" started-at="2014-08-17T22:41:27Z" finished-at="2014-08-17T22:41:28Z">
          <params>
            <param index="0">
              <value>
                <![CDATA[/cfgColl/listAgent.action?type=1]]>
              </value>
            </param>
          </params>
          <reporter-output>
          </reporter-output>
        </test-method> <!-- beforeMethod -->
        <test-method status="PASS" signature="operateAG([Ljava.lang.String;)[pri:0, instance:com.code.test.ibnmsConfig.AgListTest@3a4c5b4]" name="operateAG" duration-ms="39783" started-at="2014-08-17T22:41:28Z" data-provider="agList" finished-at="2014-08-17T22:42:07Z">
          <params>
            <param index="0">
              <value>
                <![CDATA[[Ljava.lang.String;@50e0de15]]>
              </value>
            </param>
          </params>
          <reporter-output>
          </reporter-output>
        </test-method> <!-- operateAG -->
        <test-method status="PASS" signature="beforeMethod(java.lang.String)[pri:0, instance:com.code.test.ibnmsConfig.AgListTest@3a4c5b4]" name="beforeMethod" is-config="true" duration-ms="480" started-at="2014-08-17T22:42:07Z" finished-at="2014-08-17T22:42:08Z">
          <params>
            <param index="0">
              <value>
                <![CDATA[/cfgColl/listAgent.action?type=1]]>
              </value>
            </param>
          </params>
          <reporter-output>
          </reporter-output>
        </test-method> <!-- beforeMethod -->
        <test-method status="FAIL" signature="deployAG([Ljava.lang.String;)[pri:0, instance:com.code.test.ibnmsConfig.AgListTest@3a4c5b4]" name="deployAG" duration-ms="27543" started-at="2014-08-17T22:42:08Z" data-provider="agList" finished-at="2014-08-17T22:42:35Z">
          <params>
            <param index="0">
              <value>
                <![CDATA[[Ljava.lang.String;@125797cf]]>
              </value>
            </param>
          </params>
          <exception class="java.lang.AssertionError">
            <message>
              <![CDATA[{用例描述=部署agent, 操作类型=部署, 期望值=已部署, 结束标记=结束, 用例编号=CASE1, 是否运行=是, 备注=, 主机名称_AG=seleniumIBMName1, 状态字段=部署状态} expected [已部署] but found [未部署]]]>
            </message>
            <full-stacktrace>
              <![CDATA[java.lang.AssertionError: {用例描述=部署agent, 操作类型=部署, 期望值=已部署, 结束标记=结束, 用例编号=CASE1, 是否运行=是, 备注=, 主机名称_AG=seleniumIBMName1, 状态字段=部署状态} expected [已部署] but found [未部署]
	at org.testng.Assert.fail(Assert.java:94)
	at org.testng.Assert.failNotEquals(Assert.java:494)
	at org.testng.Assert.assertEquals(Assert.java:123)
	at com.code.common.Tools.assertEquals(Unknown Source)
	at com.code.test.ibnmsConfig.AgListTest.deployAG(Unknown Source)
	at sun.reflect.NativeMethodAccessorImpl.invoke0(Native Method)
	at sun.reflect.NativeMethodAccessorImpl.invoke(NativeMethodAccessorImpl.java:39)
	at sun.reflect.DelegatingMethodAccessorImpl.invoke(DelegatingMethodAccessorImpl.java:25)
	at java.lang.reflect.Method.invoke(Method.java:597)
	at org.testng.internal.MethodInvocationHelper.invokeMethod(MethodInvocationHelper.java:84)
	at org.testng.internal.Invoker.invokeMethod(Invoker.java:714)
	at org.testng.internal.Invoker.invokeTestMethod(Invoker.java:901)
	at org.testng.internal.Invoker.invokeTestMethods(Invoker.java:1231)
	at org.testng.internal.TestMethodWorker.invokeTestMethods(TestMethodWorker.java:127)
	at org.testng.internal.TestMethodWorker.run(TestMethodWorker.java:111)
	at org.testng.TestRunner.privateRun(TestRunner.java:767)
	at org.testng.TestRunner.run(TestRunner.java:617)
	at org.testng.SuiteRunner.runTest(SuiteRunner.java:334)
	at org.testng.SuiteRunner.runSequentially(SuiteRunner.java:329)
	at org.testng.SuiteRunner.privateRun(SuiteRunner.java:291)
	at org.testng.SuiteRunner.run(SuiteRunner.java:240)
	at org.testng.SuiteRunnerWorker.runSuite(SuiteRunnerWorker.java:52)
	at org.testng.SuiteRunnerWorker.run(SuiteRunnerWorker.java:86)
	at org.testng.TestNG.runSuitesSequentially(TestNG.java:1224)
	at org.testng.TestNG.runSuitesLocally(TestNG.java:1149)
	at org.testng.TestNG.run(TestNG.java:1057)
	at org.testng.TestNG.privateMain(TestNG.java:1364)
	at org.testng.TestNG.main(TestNG.java:1333)
]]>
            </full-stacktrace>
          </exception> <!-- java.lang.AssertionError -->
          <reporter-output>
            <line>
              <![CDATA[TakesScreenshot截图]]>
            </line>
            <line>
              <![CDATA[{用例描述=部署agent, 操作类型=部署, 期望值=已部署, 结束标记=结束, 用例编号=CASE1, 是否运行=是, 备注=, 主机名称_AG=seleniumIBMName1, 状态字段=部署状态}]]>
            </line>
          </reporter-output>
        </test-method> <!-- deployAG -->
        <test-method status="PASS" signature="beforeMethod(java.lang.String)[pri:0, instance:com.code.test.ibnmsConfig.AgListTest@3a4c5b4]" name="beforeMethod" is-config="true" duration-ms="459" started-at="2014-08-17T22:42:35Z" finished-at="2014-08-17T22:42:36Z">
          <params>
            <param index="0">
              <value>
                <![CDATA[/cfgColl/listAgent.action?type=1]]>
              </value>
            </param>
          </params>
          <reporter-output>
          </reporter-output>
        </test-method> <!-- beforeMethod -->
        <test-method status="FAIL" signature="deployAG([Ljava.lang.String;)[pri:0, instance:com.code.test.ibnmsConfig.AgListTest@3a4c5b4]" name="deployAG" duration-ms="39352" started-at="2014-08-17T22:42:36Z" data-provider="agList" finished-at="2014-08-17T22:43:15Z">
          <params>
            <param index="0">
              <value>
                <![CDATA[[Ljava.lang.String;@764e75bc]]>
              </value>
            </param>
          </params>
          <exception class="java.lang.AssertionError">
            <message>
              <![CDATA[{用例描述=启动agent, 操作类型=启动, 期望值=运行中, 结束标记=结束, 用例编号=CASE2, 是否运行=是, 备注=, 主机名称_AG=seleniumIBMName1, 状态字段=运行状态} expected [运行中] but found [已停止]]]>
            </message>
            <full-stacktrace>
              <![CDATA[java.lang.AssertionError: {用例描述=启动agent, 操作类型=启动, 期望值=运行中, 结束标记=结束, 用例编号=CASE2, 是否运行=是, 备注=, 主机名称_AG=seleniumIBMName1, 状态字段=运行状态} expected [运行中] but found [已停止]
	at org.testng.Assert.fail(Assert.java:94)
	at org.testng.Assert.failNotEquals(Assert.java:494)
	at org.testng.Assert.assertEquals(Assert.java:123)
	at com.code.common.Tools.assertEquals(Unknown Source)
	at com.code.test.ibnmsConfig.AgListTest.deployAG(Unknown Source)
	at sun.reflect.NativeMethodAccessorImpl.invoke0(Native Method)
	at sun.reflect.NativeMethodAccessorImpl.invoke(NativeMethodAccessorImpl.java:39)
	at sun.reflect.DelegatingMethodAccessorImpl.invoke(DelegatingMethodAccessorImpl.java:25)
	at java.lang.reflect.Method.invoke(Method.java:597)
	at org.testng.internal.MethodInvocationHelper.invokeMethod(MethodInvocationHelper.java:84)
	at org.testng.internal.Invoker.invokeMethod(Invoker.java:714)
	at org.testng.internal.Invoker.invokeTestMethod(Invoker.java:901)
	at org.testng.internal.Invoker.invokeTestMethods(Invoker.java:1231)
	at org.testng.internal.TestMethodWorker.invokeTestMethods(TestMethodWorker.java:127)
	at org.testng.internal.TestMethodWorker.run(TestMethodWorker.java:111)
	at org.testng.TestRunner.privateRun(TestRunner.java:767)
	at org.testng.TestRunner.run(TestRunner.java:617)
	at org.testng.SuiteRunner.runTest(SuiteRunner.java:334)
	at org.testng.SuiteRunner.runSequentially(SuiteRunner.java:329)
	at org.testng.SuiteRunner.privateRun(SuiteRunner.java:291)
	at org.testng.SuiteRunner.run(SuiteRunner.java:240)
	at org.testng.SuiteRunnerWorker.runSuite(SuiteRunnerWorker.java:52)
	at org.testng.SuiteRunnerWorker.run(SuiteRunnerWorker.java:86)
	at org.testng.TestNG.runSuitesSequentially(TestNG.java:1224)
	at org.testng.TestNG.runSuitesLocally(TestNG.java:1149)
	at org.testng.TestNG.run(TestNG.java:1057)
	at org.testng.TestNG.privateMain(TestNG.java:1364)
	at org.testng.TestNG.main(TestNG.java:1333)
]]>
            </full-stacktrace>
          </exception> <!-- java.lang.AssertionError -->
          <reporter-output>
            <line>
              <![CDATA[点击元素失败！]]>
            </line>
            <line>
              <![CDATA[TakesScreenshot截图]]>
            </line>
            <line>
              <![CDATA[TakesScreenshot截图]]>
            </line>
            <line>
              <![CDATA[{用例描述=启动agent, 操作类型=启动, 期望值=运行中, 结束标记=结束, 用例编号=CASE2, 是否运行=是, 备注=, 主机名称_AG=seleniumIBMName1, 状态字段=运行状态}]]>
            </line>
          </reporter-output>
        </test-method> <!-- deployAG -->
        <test-method status="PASS" signature="beforeMethod(java.lang.String)[pri:0, instance:com.code.test.ibnmsConfig.AgListTest@3a4c5b4]" name="beforeMethod" is-config="true" duration-ms="579" started-at="2014-08-17T22:43:15Z" finished-at="2014-08-17T22:43:16Z">
          <params>
            <param index="0">
              <value>
                <![CDATA[/cfgColl/listAgent.action?type=1]]>
              </value>
            </param>
          </params>
          <reporter-output>
          </reporter-output>
        </test-method> <!-- beforeMethod -->
        <test-method status="PASS" signature="deployAG([Ljava.lang.String;)[pri:0, instance:com.code.test.ibnmsConfig.AgListTest@3a4c5b4]" name="deployAG" duration-ms="41879" started-at="2014-08-17T22:43:16Z" data-provider="agList" finished-at="2014-08-17T22:43:58Z">
          <params>
            <param index="0">
              <value>
                <![CDATA[[Ljava.lang.String;@452fe9bf]]>
              </value>
            </param>
          </params>
          <reporter-output>
            <line>
              <![CDATA[点击元素失败！]]>
            </line>
            <line>
              <![CDATA[TakesScreenshot截图]]>
            </line>
          </reporter-output>
        </test-method> <!-- deployAG -->
        <test-method status="PASS" signature="beforeMethod(java.lang.String)[pri:0, instance:com.code.test.ibnmsConfig.AgListTest@3a4c5b4]" name="beforeMethod" is-config="true" duration-ms="478" started-at="2014-08-17T22:43:58Z" finished-at="2014-08-17T22:43:58Z">
          <params>
            <param index="0">
              <value>
                <![CDATA[/cfgColl/listAgent.action?type=1]]>
              </value>
            </param>
          </params>
          <reporter-output>
          </reporter-output>
        </test-method> <!-- beforeMethod -->
        <test-method status="FAIL" signature="deployAG([Ljava.lang.String;)[pri:0, instance:com.code.test.ibnmsConfig.AgListTest@3a4c5b4]" name="deployAG" duration-ms="40632" started-at="2014-08-17T22:43:58Z" data-provider="agList" finished-at="2014-08-17T22:44:39Z">
          <params>
            <param index="0">
              <value>
                <![CDATA[[Ljava.lang.String;@1913c652]]>
              </value>
            </param>
          </params>
          <exception class="java.lang.AssertionError">
            <message>
              <![CDATA[{用例描述=卸载agent, 操作类型=卸载, 期望值=未部署, 结束标记=结束, 用例编号=CASE4, 是否运行=是, 备注=, 主机名称_AG=seleniumIBMName1, 状态字段=部署状态} expected [未部署] but found [已部署]]]>
            </message>
            <full-stacktrace>
              <![CDATA[java.lang.AssertionError: {用例描述=卸载agent, 操作类型=卸载, 期望值=未部署, 结束标记=结束, 用例编号=CASE4, 是否运行=是, 备注=, 主机名称_AG=seleniumIBMName1, 状态字段=部署状态} expected [未部署] but found [已部署]
	at org.testng.Assert.fail(Assert.java:94)
	at org.testng.Assert.failNotEquals(Assert.java:494)
	at org.testng.Assert.assertEquals(Assert.java:123)
	at com.code.common.Tools.assertEquals(Unknown Source)
	at com.code.test.ibnmsConfig.AgListTest.deployAG(Unknown Source)
	at sun.reflect.NativeMethodAccessorImpl.invoke0(Native Method)
	at sun.reflect.NativeMethodAccessorImpl.invoke(NativeMethodAccessorImpl.java:39)
	at sun.reflect.DelegatingMethodAccessorImpl.invoke(DelegatingMethodAccessorImpl.java:25)
	at java.lang.reflect.Method.invoke(Method.java:597)
	at org.testng.internal.MethodInvocationHelper.invokeMethod(MethodInvocationHelper.java:84)
	at org.testng.internal.Invoker.invokeMethod(Invoker.java:714)
	at org.testng.internal.Invoker.invokeTestMethod(Invoker.java:901)
	at org.testng.internal.Invoker.invokeTestMethods(Invoker.java:1231)
	at org.testng.internal.TestMethodWorker.invokeTestMethods(TestMethodWorker.java:127)
	at org.testng.internal.TestMethodWorker.run(TestMethodWorker.java:111)
	at org.testng.TestRunner.privateRun(TestRunner.java:767)
	at org.testng.TestRunner.run(TestRunner.java:617)
	at org.testng.SuiteRunner.runTest(SuiteRunner.java:334)
	at org.testng.SuiteRunner.runSequentially(SuiteRunner.java:329)
	at org.testng.SuiteRunner.privateRun(SuiteRunner.java:291)
	at org.testng.SuiteRunner.run(SuiteRunner.java:240)
	at org.testng.SuiteRunnerWorker.runSuite(SuiteRunnerWorker.java:52)
	at org.testng.SuiteRunnerWorker.run(SuiteRunnerWorker.java:86)
	at org.testng.TestNG.runSuitesSequentially(TestNG.java:1224)
	at org.testng.TestNG.runSuitesLocally(TestNG.java:1149)
	at org.testng.TestNG.run(TestNG.java:1057)
	at org.testng.TestNG.privateMain(TestNG.java:1364)
	at org.testng.TestNG.main(TestNG.java:1333)
]]>
            </full-stacktrace>
          </exception> <!-- java.lang.AssertionError -->
          <reporter-output>
            <line>
              <![CDATA[点击元素失败！]]>
            </line>
            <line>
              <![CDATA[TakesScreenshot截图]]>
            </line>
            <line>
              <![CDATA[TakesScreenshot截图]]>
            </line>
            <line>
              <![CDATA[{用例描述=卸载agent, 操作类型=卸载, 期望值=未部署, 结束标记=结束, 用例编号=CASE4, 是否运行=是, 备注=, 主机名称_AG=seleniumIBMName1, 状态字段=部署状态}]]>
            </line>
          </reporter-output>
        </test-method> <!-- deployAG -->
        <test-method status="PASS" signature="beforeMethod(java.lang.String)[pri:0, instance:com.code.test.ibnmsConfig.AgListTest@3a4c5b4]" name="beforeMethod" is-config="true" duration-ms="550" started-at="2014-08-17T22:44:39Z" finished-at="2014-08-17T22:44:39Z">
          <params>
            <param index="0">
              <value>
                <![CDATA[/cfgColl/listAgent.action?type=1]]>
              </value>
            </param>
          </params>
          <reporter-output>
          </reporter-output>
        </test-method> <!-- beforeMethod -->
        <test-method status="FAIL" signature="deployAG([Ljava.lang.String;)[pri:0, instance:com.code.test.ibnmsConfig.AgListTest@3a4c5b4]" name="deployAG" duration-ms="27450" started-at="2014-08-17T22:44:39Z" data-provider="agList" finished-at="2014-08-17T22:45:07Z">
          <params>
            <param index="0">
              <value>
                <![CDATA[[Ljava.lang.String;@61413e5a]]>
              </value>
            </param>
          </params>
          <exception class="java.lang.AssertionError">
            <message>
              <![CDATA[{用例描述=部署可用agent, 操作类型=部署, 期望值=已部署, 结束标记=结束, 用例编号=CASE5, 是否运行=是, 备注=, 主机名称_AG=31test_bnms, 状态字段=部署状态} expected [已部署] but found [未部署]]]>
            </message>
            <full-stacktrace>
              <![CDATA[java.lang.AssertionError: {用例描述=部署可用agent, 操作类型=部署, 期望值=已部署, 结束标记=结束, 用例编号=CASE5, 是否运行=是, 备注=, 主机名称_AG=31test_bnms, 状态字段=部署状态} expected [已部署] but found [未部署]
	at org.testng.Assert.fail(Assert.java:94)
	at org.testng.Assert.failNotEquals(Assert.java:494)
	at org.testng.Assert.assertEquals(Assert.java:123)
	at com.code.common.Tools.assertEquals(Unknown Source)
	at com.code.test.ibnmsConfig.AgListTest.deployAG(Unknown Source)
	at sun.reflect.NativeMethodAccessorImpl.invoke0(Native Method)
	at sun.reflect.NativeMethodAccessorImpl.invoke(NativeMethodAccessorImpl.java:39)
	at sun.reflect.DelegatingMethodAccessorImpl.invoke(DelegatingMethodAccessorImpl.java:25)
	at java.lang.reflect.Method.invoke(Method.java:597)
	at org.testng.internal.MethodInvocationHelper.invokeMethod(MethodInvocationHelper.java:84)
	at org.testng.internal.Invoker.invokeMethod(Invoker.java:714)
	at org.testng.internal.Invoker.invokeTestMethod(Invoker.java:901)
	at org.testng.internal.Invoker.invokeTestMethods(Invoker.java:1231)
	at org.testng.internal.TestMethodWorker.invokeTestMethods(TestMethodWorker.java:127)
	at org.testng.internal.TestMethodWorker.run(TestMethodWorker.java:111)
	at org.testng.TestRunner.privateRun(TestRunner.java:767)
	at org.testng.TestRunner.run(TestRunner.java:617)
	at org.testng.SuiteRunner.runTest(SuiteRunner.java:334)
	at org.testng.SuiteRunner.runSequentially(SuiteRunner.java:329)
	at org.testng.SuiteRunner.privateRun(SuiteRunner.java:291)
	at org.testng.SuiteRunner.run(SuiteRunner.java:240)
	at org.testng.SuiteRunnerWorker.runSuite(SuiteRunnerWorker.java:52)
	at org.testng.SuiteRunnerWorker.run(SuiteRunnerWorker.java:86)
	at org.testng.TestNG.runSuitesSequentially(TestNG.java:1224)
	at org.testng.TestNG.runSuitesLocally(TestNG.java:1149)
	at org.testng.TestNG.run(TestNG.java:1057)
	at org.testng.TestNG.privateMain(TestNG.java:1364)
	at org.testng.TestNG.main(TestNG.java:1333)
]]>
            </full-stacktrace>
          </exception> <!-- java.lang.AssertionError -->
          <reporter-output>
            <line>
              <![CDATA[TakesScreenshot截图]]>
            </line>
            <line>
              <![CDATA[{用例描述=部署可用agent, 操作类型=部署, 期望值=已部署, 结束标记=结束, 用例编号=CASE5, 是否运行=是, 备注=, 主机名称_AG=31test_bnms, 状态字段=部署状态}]]>
            </line>
          </reporter-output>
        </test-method> <!-- deployAG -->
        <test-method status="PASS" signature="beforeMethod(java.lang.String)[pri:0, instance:com.code.test.ibnmsConfig.AgListTest@3a4c5b4]" name="beforeMethod" is-config="true" duration-ms="531" started-at="2014-08-17T22:45:07Z" finished-at="2014-08-17T22:45:07Z">
          <params>
            <param index="0">
              <value>
                <![CDATA[/cfgColl/listAgent.action?type=1]]>
              </value>
            </param>
          </params>
          <reporter-output>
          </reporter-output>
        </test-method> <!-- beforeMethod -->
        <test-method status="FAIL" signature="deployAG([Ljava.lang.String;)[pri:0, instance:com.code.test.ibnmsConfig.AgListTest@3a4c5b4]" name="deployAG" duration-ms="19438" started-at="2014-08-17T22:45:07Z" data-provider="agList" finished-at="2014-08-17T22:45:27Z">
          <params>
            <param index="0">
              <value>
                <![CDATA[[Ljava.lang.String;@264b898]]>
              </value>
            </param>
          </params>
          <exception class="java.lang.AssertionError">
            <message>
              <![CDATA[{用例描述=启动可用agent, 操作类型=启动, 期望值=运行中, 结束标记=结束, 用例编号=CASE6, 是否运行=是, 备注=, 主机名称_AG=31test_bnms, 状态字段=运行状态} expected [运行中] but found [已停止]]]>
            </message>
            <full-stacktrace>
              <![CDATA[java.lang.AssertionError: {用例描述=启动可用agent, 操作类型=启动, 期望值=运行中, 结束标记=结束, 用例编号=CASE6, 是否运行=是, 备注=, 主机名称_AG=31test_bnms, 状态字段=运行状态} expected [运行中] but found [已停止]
	at org.testng.Assert.fail(Assert.java:94)
	at org.testng.Assert.failNotEquals(Assert.java:494)
	at org.testng.Assert.assertEquals(Assert.java:123)
	at com.code.common.Tools.assertEquals(Unknown Source)
	at com.code.test.ibnmsConfig.AgListTest.deployAG(Unknown Source)
	at sun.reflect.NativeMethodAccessorImpl.invoke0(Native Method)
	at sun.reflect.NativeMethodAccessorImpl.invoke(NativeMethodAccessorImpl.java:39)
	at sun.reflect.DelegatingMethodAccessorImpl.invoke(DelegatingMethodAccessorImpl.java:25)
	at java.lang.reflect.Method.invoke(Method.java:597)
	at org.testng.internal.MethodInvocationHelper.invokeMethod(MethodInvocationHelper.java:84)
	at org.testng.internal.Invoker.invokeMethod(Invoker.java:714)
	at org.testng.internal.Invoker.invokeTestMethod(Invoker.java:901)
	at org.testng.internal.Invoker.invokeTestMethods(Invoker.java:1231)
	at org.testng.internal.TestMethodWorker.invokeTestMethods(TestMethodWorker.java:127)
	at org.testng.internal.TestMethodWorker.run(TestMethodWorker.java:111)
	at org.testng.TestRunner.privateRun(TestRunner.java:767)
	at org.testng.TestRunner.run(TestRunner.java:617)
	at org.testng.SuiteRunner.runTest(SuiteRunner.java:334)
	at org.testng.SuiteRunner.runSequentially(SuiteRunner.java:329)
	at org.testng.SuiteRunner.privateRun(SuiteRunner.java:291)
	at org.testng.SuiteRunner.run(SuiteRunner.java:240)
	at org.testng.SuiteRunnerWorker.runSuite(SuiteRunnerWorker.java:52)
	at org.testng.SuiteRunnerWorker.run(SuiteRunnerWorker.java:86)
	at org.testng.TestNG.runSuitesSequentially(TestNG.java:1224)
	at org.testng.TestNG.runSuitesLocally(TestNG.java:1149)
	at org.testng.TestNG.run(TestNG.java:1057)
	at org.testng.TestNG.privateMain(TestNG.java:1364)
	at org.testng.TestNG.main(TestNG.java:1333)
]]>
            </full-stacktrace>
          </exception> <!-- java.lang.AssertionError -->
          <reporter-output>
            <line>
              <![CDATA[TakesScreenshot截图]]>
            </line>
            <line>
              <![CDATA[{用例描述=启动可用agent, 操作类型=启动, 期望值=运行中, 结束标记=结束, 用例编号=CASE6, 是否运行=是, 备注=, 主机名称_AG=31test_bnms, 状态字段=运行状态}]]>
            </line>
          </reporter-output>
        </test-method> <!-- deployAG -->
        <test-method status="PASS" signature="beforeMethod(java.lang.String)[pri:0, instance:com.code.test.ibnmsConfig.AgListTest@3a4c5b4]" name="beforeMethod" is-config="true" duration-ms="792" started-at="2014-08-17T22:45:27Z" finished-at="2014-08-17T22:45:28Z">
          <params>
            <param index="0">
              <value>
                <![CDATA[/cfgColl/listAgent.action?type=1]]>
              </value>
            </param>
          </params>
          <reporter-output>
          </reporter-output>
        </test-method> <!-- beforeMethod -->
        <test-method status="PASS" signature="deployAG([Ljava.lang.String;)[pri:0, instance:com.code.test.ibnmsConfig.AgListTest@3a4c5b4]" name="deployAG" duration-ms="21749" started-at="2014-08-17T22:45:28Z" data-provider="agList" finished-at="2014-08-17T22:45:49Z">
          <params>
            <param index="0">
              <value>
                <![CDATA[[Ljava.lang.String;@4c9b1e15]]>
              </value>
            </param>
          </params>
          <reporter-output>
          </reporter-output>
        </test-method> <!-- deployAG -->
        <test-method status="PASS" signature="beforeMethod(java.lang.String)[pri:0, instance:com.code.test.ibnmsConfig.AgListTest@3a4c5b4]" name="beforeMethod" is-config="true" duration-ms="554" started-at="2014-08-17T22:45:49Z" finished-at="2014-08-17T22:45:50Z">
          <params>
            <param index="0">
              <value>
                <![CDATA[/cfgColl/listAgent.action?type=1]]>
              </value>
            </param>
          </params>
          <reporter-output>
          </reporter-output>
        </test-method> <!-- beforeMethod -->
        <test-method status="FAIL" signature="deployAG([Ljava.lang.String;)[pri:0, instance:com.code.test.ibnmsConfig.AgListTest@3a4c5b4]" name="deployAG" duration-ms="22695" started-at="2014-08-17T22:45:50Z" data-provider="agList" finished-at="2014-08-17T22:46:13Z">
          <params>
            <param index="0">
              <value>
                <![CDATA[[Ljava.lang.String;@6204cfa9]]>
              </value>
            </param>
          </params>
          <exception class="java.lang.AssertionError">
            <message>
[...]
	at org.testng.SuiteRunner.runSequentially(SuiteRunner.java:329)
	at org.testng.SuiteRunner.privateRun(SuiteRunner.java:291)
	at org.testng.SuiteRunner.run(SuiteRunner.java:240)
	at org.testng.SuiteRunnerWorker.runSuite(SuiteRunnerWorker.java:52)
	at org.testng.SuiteRunnerWorker.run(SuiteRunnerWorker.java:86)
	at org.testng.TestNG.runSuitesSequentially(TestNG.java:1224)
	at org.testng.TestNG.runSuitesLocally(TestNG.java:1149)
	at org.testng.TestNG.run(TestNG.java:1057)
	at org.testng.TestNG.privateMain(TestNG.java:1364)
	at org.testng.TestNG.main(TestNG.java:1333)
]]>
            </full-stacktrace>
          </exception> <!-- org.openqa.selenium.NoSuchElementException -->
          <reporter-output>
            <line>
              <![CDATA[请选择数据]]>
            </line>
            <line>
              <![CDATA[点击元素失败！]]>
            </line>
            <line>
              <![CDATA[TakesScreenshot截图]]>
            </line>
          </reporter-output>
        </test-method> <!-- operateAPP -->
        <test-method status="PASS" signature="beforeMethod(java.lang.String)[pri:0, instance:com.code.test.ibnmsConfig.AppServerListTest@6f7cf6b6]" name="beforeMethod" is-config="true" duration-ms="467" started-at="2014-08-17T22:52:21Z" finished-at="2014-08-17T22:52:22Z">
          <params>
            <param index="0">
              <value>
                <![CDATA[/ibnms/appDeploy/deployList.action]]>
              </value>
            </param>
          </params>
          <reporter-output>
          </reporter-output>
        </test-method> <!-- beforeMethod -->
        <test-method status="FAIL" signature="operateAPP([Ljava.lang.String;)[pri:0, instance:com.code.test.ibnmsConfig.AppServerListTest@6f7cf6b6]" name="operateAPP" duration-ms="5734" started-at="2014-08-17T22:52:22Z" data-provider="AppServerList" finished-at="2014-08-17T22:52:28Z">
          <params>
            <param index="0">
              <value>
                <![CDATA[[Ljava.lang.String;@f7378ab]]>
              </value>
            </param>
          </params>
          <exception class="org.openqa.selenium.NoAlertPresentException">
            <message>
              <![CDATA[No alert is active (WARNING: The server did not provide any stacktrace information)
Command duration or timeout: 103 milliseconds
Build info: version: '2.40.0', revision: 'fbe29a9', time: '2014-02-19 20:55:11'
System info: host: 'Jin-PC', ip: '192.168.220.1', os.name: 'Windows 7', os.arch: 'amd64', os.version: '6.1', java.version: '1.6.0_39'
Session ID: 75458e4a-011c-443a-8659-3ed8c3566eb9
Driver info: org.openqa.selenium.ie.InternetExplorerDriver
Capabilities [{platform=WINDOWS, javascriptEnabled=true, elementScrollBehavior=0, enablePersistentHover=true, ignoreZoomSetting=false, ie.ensureCleanSession=false, browserName=internet explorer, enableElementCacheCleanup=true, unexpectedAlertBehaviour=dismiss, version=8, ie.usePerProcessProxy=false, cssSelectorsEnabled=true, ignoreProtectedModeSettings=true, requireWindowFocus=false, handlesAlerts=true, initialBrowserUrl=http://localhost:47959/, ie.forceCreateProcessApi=false, nativeEvents=true, browserAttachTimeout=0, ie.browserCommandLineSwitches=, takesScreenshot=true}]]]>
            </message>
            <full-stacktrace>
              <![CDATA[org.openqa.selenium.NoAlertPresentException: No alert is active (WARNING: The server did not provide any stacktrace information)
Command duration or timeout: 103 milliseconds
Build info: version: '2.40.0', revision: 'fbe29a9', time: '2014-02-19 20:55:11'
System info: host: 'Jin-PC', ip: '192.168.220.1', os.name: 'Windows 7', os.arch: 'amd64', os.version: '6.1', java.version: '1.6.0_39'
Session ID: 75458e4a-011c-443a-8659-3ed8c3566eb9
Driver info: org.openqa.selenium.ie.InternetExplorerDriver
Capabilities [{platform=WINDOWS, javascriptEnabled=true, elementScrollBehavior=0, enablePersistentHover=true, ignoreZoomSetting=false, ie.ensureCleanSession=false, browserName=internet explorer, enableElementCacheCleanup=true, unexpectedAlertBehaviour=dismiss, version=8, ie.usePerProcessProxy=false, cssSelectorsEnabled=true, ignoreProtectedModeSettings=true, requireWindowFocus=false, handlesAlerts=true, initialBrowserUrl=http://localhost:47959/, ie.forceCreateProcessApi=false, nativeEvents=true, browserAttachTimeout=0, ie.browserCommandLineSwitches=, takesScreenshot=true}]
	at sun.reflect.NativeConstructorAccessorImpl.newInstance0(Native Method)
	at sun.reflect.NativeConstructorAccessorImpl.newInstance(NativeConstructorAccessorImpl.java:39)
	at sun.reflect.DelegatingConstructorAccessorImpl.newInstance(DelegatingConstructorAccessorImpl.java:27)
	at java.lang.reflect.Constructor.newInstance(Constructor.java:513)
	at org.openqa.selenium.remote.ErrorHandler.createThrowable(ErrorHandler.java:193)
	at org.openqa.selenium.remote.ErrorHandler.throwIfResponseFailed(ErrorHandler.java:145)
	at org.openqa.selenium.remote.RemoteWebDriver.execute(RemoteWebDriver.java:573)
	at org.openqa.selenium.remote.RemoteWebDriver.execute(RemoteWebDriver.java:588)
	at org.openqa.selenium.remote.RemoteWebDriver$RemoteTargetLocator.alert(RemoteWebDriver.java:868)
	at org.openqa.selenium.support.events.EventFiringWebDriver$EventFiringTargetLocator.alert(EventFiringWebDriver.java:597)
	at com.code.common.Tools.alertAccept(Unknown Source)
	at com.code.common.BtnPage.delete(Unknown Source)
	at com.code.page.ibnmsConfig.appServer.AppServerListPage.operateApp(Unknown Source)
	at com.code.test.ibnmsConfig.AppServerListTest.operateAPP(Unknown Source)
	at sun.reflect.NativeMethodAccessorImpl.invoke0(Native Method)
	at sun.reflect.NativeMethodAccessorImpl.invoke(NativeMethodAccessorImpl.java:39)
	at sun.reflect.DelegatingMethodAccessorImpl.invoke(DelegatingMethodAccessorImpl.java:25)
	at java.lang.reflect.Method.invoke(Method.java:597)
	at org.testng.internal.MethodInvocationHelper.invokeMethod(MethodInvocationHelper.java:84)
	at org.testng.internal.Invoker.invokeMethod(Invoker.java:714)
	at org.testng.internal.Invoker.invokeTestMethod(Invoker.java:901)
	at org.testng.internal.Invoker.invokeTestMethods(Invoker.java:1231)
	at org.testng.internal.TestMethodWorker.invokeTestMethods(TestMethodWorker.java:127)
	at org.testng.internal.TestMethodWorker.run(TestMethodWorker.java:111)
	at org.testng.TestRunner.privateRun(TestRunner.java:767)
	at org.testng.TestRunner.run(TestRunner.java:617)
	at org.testng.SuiteRunner.runTest(SuiteRunner.java:334)
	at org.testng.SuiteRunner.runSequentially(SuiteRunner.java:329)
	at org.testng.SuiteRunner.privateRun(SuiteRunner.java:291)
	at org.testng.SuiteRunner.run(SuiteRunner.java:240)
	at org.testng.SuiteRunnerWorker.runSuite(SuiteRunnerWorker.java:52)
	at org.testng.SuiteRunnerWorker.run(SuiteRunnerWorker.java:86)
	at org.testng.TestNG.runSuitesSequentially(TestNG.java:1224)
	at org.testng.TestNG.runSuitesLocally(TestNG.java:1149)
	at org.testng.TestNG.run(TestNG.java:1057)
	at org.testng.TestNG.privateMain(TestNG.java:1364)
	at org.testng.TestNG.main(TestNG.java:1333)
]]>
            </full-stacktrace>
          </exception> <!-- org.openqa.selenium.NoAlertPresentException -->
          <reporter-output>
            <line>
              <![CDATA[请选择数据]]>
            </line>
          </reporter-output>
        </test-method> <!-- operateAPP -->
        <test-method status="PASS" signature="beforeMethod(java.lang.String)[pri:0, instance:com.code.test.ibnmsConfig.AppServerListTest@6f7cf6b6]" name="beforeMethod" is-config="true" duration-ms="568" started-at="2014-08-17T22:52:28Z" finished-at="2014-08-17T22:52:28Z">
          <params>
            <param index="0">
              <value>
                <![CDATA[/ibnms/appDeploy/deployList.action]]>
              </value>
            </param>
          </params>
          <reporter-output>
          </reporter-output>
        </test-method> <!-- beforeMethod -->
        <test-method status="FAIL" signature="operateAPP([Ljava.lang.String;)[pri:0, instance:com.code.test.ibnmsConfig.AppServerListTest@6f7cf6b6]" name="operateAPP" duration-ms="36054" started-at="2014-08-17T22:52:28Z" data-provider="AppServerList" finished-at="2014-08-17T22:53:04Z">
          <params>
            <param index="0">
              <value>
                <![CDATA[[Ljava.lang.String;@65f72a79]]>
              </value>
            </param>
          </params>
          <exception class="java.lang.AssertionError">
            <message>
              <![CDATA[{主机名称_ENV=seleniumIBMName1, 列表匹配数据=seleniumIBMMSG, 操作类型=增加, 部署主机=seleniumIBMName1, 组建类型=短信订阅, 期望值=1, 列表选择器=应用名称, 结束标记=结束, 用例编号=CASE4, 应用名称=seleniumIBMMSG, 安装路径=/selenium, 用例描述=增加短信订阅, 进程关键字=seleniumIBMMSGPID, 是否运行=是, 备注=, BmcServer类型=, 扫描频率 =60} expected [1] but found [0]]]>
            </message>
            <full-stacktrace>
              <![CDATA[java.lang.AssertionError: {主机名称_ENV=seleniumIBMName1, 列表匹配数据=seleniumIBMMSG, 操作类型=增加, 部署主机=seleniumIBMName1, 组建类型=短信订阅, 期望值=1, 列表选择器=应用名称, 结束标记=结束, 用例编号=CASE4, 应用名称=seleniumIBMMSG, 安装路径=/selenium, 用例描述=增加短信订阅, 进程关键字=seleniumIBMMSGPID, 是否运行=是, 备注=, BmcServer类型=, 扫描频率 =60} expected [1] but found [0]
	at org.testng.Assert.fail(Assert.java:94)
	at org.testng.Assert.failNotEquals(Assert.java:494)
	at org.testng.Assert.assertEquals(Assert.java:123)
	at com.code.common.Tools.assertEquals(Unknown Source)
	at com.code.test.ibnmsConfig.AppServerListTest.operateAPP(Unknown Source)
	at sun.reflect.NativeMethodAccessorImpl.invoke0(Native Method)
	at sun.reflect.NativeMethodAccessorImpl.invoke(NativeMethodAccessorImpl.java:39)
	at sun.reflect.DelegatingMethodAccessorImpl.invoke(DelegatingMethodAccessorImpl.java:25)
	at java.lang.reflect.Method.invoke(Method.java:597)
	at org.testng.internal.MethodInvocationHelper.invokeMethod(MethodInvocationHelper.java:84)
	at org.testng.internal.Invoker.invokeMethod(Invoker.java:714)
	at org.testng.internal.Invoker.invokeTestMethod(Invoker.java:901)
	at org.testng.internal.Invoker.invokeTestMethods(Invoker.java:1231)
	at org.testng.internal.TestMethodWorker.invokeTestMethods(TestMethodWorker.java:127)
	at org.testng.internal.TestMethodWorker.run(TestMethodWorker.java:111)
	at org.testng.TestRunner.privateRun(TestRunner.java:767)
	at org.testng.TestRunner.run(TestRunner.java:617)
	at org.testng.SuiteRunner.runTest(SuiteRunner.java:334)
	at org.testng.SuiteRunner.runSequentially(SuiteRunner.java:329)
	at org.testng.SuiteRunner.privateRun(SuiteRunner.java:291)
	at org.testng.SuiteRunner.run(SuiteRunner.java:240)
	at org.testng.SuiteRunnerWorker.runSuite(SuiteRunnerWorker.java:52)
	at org.testng.SuiteRunnerWorker.run(SuiteRunnerWorker.java:86)
	at org.testng.TestNG.runSuitesSequentially(TestNG.java:1224)
	at org.testng.TestNG.runSuitesLocally(TestNG.java:1149)
	at org.testng.TestNG.run(TestNG.java:1057)
	at org.testng.TestNG.privateMain(TestNG.java:1364)
	at org.testng.TestNG.main(TestNG.java:1333)
]]>
            </full-stacktrace>
          </exception> <!-- java.lang.AssertionError -->
          <reporter-output>
            <line>
              <![CDATA[TakesScreenshot截图]]>
            </line>
            <line>
              <![CDATA[{主机名称_ENV=seleniumIBMName1, 列表匹配数据=seleniumIBMMSG, 操作类型=增加, 部署主机=seleniumIBMName1, 组建类型=短信订阅, 期望值=1, 列表选择器=应用名称, 结束标记=结束, 用例编号=CASE4, 应用名称=seleniumIBMMSG, 安装路径=/selenium, 用例描述=增加短信订阅, 进程关键字=seleniumIBMMSGPID, 是否运行=是, 备注=, BmcServer类型=, 扫描频率 =60}]]>
            </line>
          </reporter-output>
        </test-method> <!-- operateAPP -->
        <test-method status="PASS" signature="beforeMethod(java.lang.String)[pri:0, instance:com.code.test.ibnmsConfig.AppServerListTest@6f7cf6b6]" name="beforeMethod" is-config="true" duration-ms="449" started-at="2014-08-17T22:53:04Z" finished-at="2014-08-17T22:53:05Z">
          <params>
            <param index="0">
              <value>
                <![CDATA[/ibnms/appDeploy/deployList.action]]>
              </value>
            </param>
          </params>
          <reporter-output>
          </reporter-output>
        </test-method> <!-- beforeMethod -->
        <test-method status="FAIL" signature="operateAPP([Ljava.lang.String;)[pri:0, instance:com.code.test.ibnmsConfig.AppServerListTest@6f7cf6b6]" name="operateAPP" duration-ms="36843" started-at="2014-08-17T22:53:05Z" data-provider="AppServerList" finished-at="2014-08-17T22:53:42Z">
          <params>
            <param index="0">
              <value>
                <![CDATA[[Ljava.lang.String;@746dbfb0]]>
              </value>
            </param>
          </params>
          <exception class="java.lang.AssertionError">
            <message>
              <![CDATA[{主机名称_ENV=31test_bnms, 列表匹配数据=seleniumBMCServer, 操作类型=增加, 部署主机=31test_bnms, 组建类型=BmcServer, 期望值=1, 列表选择器=应用名称, 结束标记=结束, 用例编号=CASE5, 应用名称=seleniumBMCServer, 安装路径=/test-bnms/chtest/selenium, 用例描述=增加可用的BmcServer, 进程关键字=seleniumBMCServerPID, 是否运行=是, 备注=, BmcServer类型=监控, 扫描频率 =} expected [1] but found [0]]]>
            </message>
            <full-stacktrace>
              <![CDATA[java.lang.AssertionError: {主机名称_ENV=31test_bnms, 列表匹配数据=seleniumBMCServer, 操作类型=增加, 部署主机=31test_bnms, 组建类型=BmcServer, 期望值=1, 列表选择器=应用名称, 结束标记=结束, 用例编号=CASE5, 应用名称=seleniumBMCServer, 安装路径=/test-bnms/chtest/selenium, 用例描述=增加可用的BmcServer, 进程关键字=seleniumBMCServerPID, 是否运行=是, 备注=, BmcServer类型=监控, 扫描频率 =} expected [1] but found [0]
	at org.testng.Assert.fail(Assert.java:94)
	at org.testng.Assert.failNotEquals(Assert.java:494)
	at org.testng.Assert.assertEquals(Assert.java:123)
	at com.code.common.Tools.assertEquals(Unknown Source)
	at com.code.test.ibnmsConfig.AppServerListTest.operateAPP(Unknown Source)
	at sun.reflect.NativeMethodAccessorImpl.invoke0(Native Method)
	at sun.reflect.NativeMethodAccessorImpl.invoke(NativeMethodAccessorImpl.java:39)
	at sun.reflect.DelegatingMethodAccessorImpl.invoke(DelegatingMethodAccessorImpl.java:25)
	at java.lang.reflect.Method.invoke(Method.java:597)
	at org.testng.internal.MethodInvocationHelper.invokeMethod(MethodInvocationHelper.java:84)
	at org.testng.internal.Invoker.invokeMethod(Invoker.java:714)
	at org.testng.internal.Invoker.invokeTestMethod(Invoker.java:901)
	at org.testng.internal.Invoker.invokeTestMethods(Invoker.java:1231)
	at org.testng.internal.TestMethodWorker.invokeTestMethods(TestMethodWorker.java:127)
	at org.testng.internal.TestMethodWorker.run(TestMethodWorker.java:111)
	at org.testng.TestRunner.privateRun(TestRunner.java:767)
	at org.testng.TestRunner.run(TestRunner.java:617)
	at org.testng.SuiteRunner.runTest(SuiteRunner.java:334)
	at org.testng.SuiteRunner.runSequentially(SuiteRunner.java:329)
	at org.testng.SuiteRunner.privateRun(SuiteRunner.java:291)
	at org.testng.SuiteRunner.run(SuiteRunner.java:240)
	at org.testng.SuiteRunnerWorker.runSuite(SuiteRunnerWorker.java:52)
	at org.testng.SuiteRunnerWorker.run(SuiteRunnerWorker.java:86)
	at org.testng.TestNG.runSuitesSequentially(TestNG.java:1224)
	at org.testng.TestNG.runSuitesLocally(TestNG.java:1149)
	at org.testng.TestNG.run(TestNG.java:1057)
	at org.testng.TestNG.privateMain(TestNG.java:1364)
	at org.testng.TestNG.main(TestNG.java:1333)
]]>
            </full-stacktrace>
          </exception> <!-- java.lang.AssertionError -->
          <reporter-output>
            <line>
              <![CDATA[TakesScreenshot截图]]>
            </line>
            <line>
              <![CDATA[{主机名称_ENV=31test_bnms, 列表匹配数据=seleniumBMCServer, 操作类型=增加, 部署主机=31test_bnms, 组建类型=BmcServer, 期望值=1, 列表选择器=应用名称, 结束标记=结束, 用例编号=CASE5, 应用名称=seleniumBMCServer, 安装路径=/test-bnms/chtest/selenium, 用例描述=增加可用的BmcServer, 进程关键字=seleniumBMCServerPID, 是否运行=是, 备注=, BmcServer类型=监控, 扫描频率 =}]]>
            </line>
          </reporter-output>
        </test-method> <!-- operateAPP -->
        <test-method status="PASS" signature="beforeMethod(java.lang.String)[pri:0, instance:com.code.test.ibnmsConfig.AppServerListTest@6f7cf6b6]" name="beforeMethod" is-config="true" duration-ms="454" started-at="2014-08-17T22:53:42Z" finished-at="2014-08-17T22:53:42Z">
          <params>
            <param index="0">
              <value>
                <![CDATA[/ibnms/appDeploy/deployList.action]]>
              </value>
            </param>
          </params>
          <reporter-output>
          </reporter-output>
        </test-method> <!-- beforeMethod -->
        <test-method status="FAIL" signature="operateAPP([Ljava.lang.String;)[pri:0, instance:com.code.test.ibnmsConfig.AppServerListTest@6f7cf6b6]" name="operateAPP" duration-ms="37156" started-at="2014-08-17T22:53:42Z" data-provider="AppServerList" finished-at="2014-08-17T22:54:19Z">
          <params>
            <param index="0">
              <value>
                <![CDATA[[Ljava.lang.String;@5143f787]]>
              </value>
            </param>
          </params>
          <exception class="java.lang.AssertionError">
            <message>
              <![CDATA[{主机名称_ENV=31test_bnms, 列表匹配数据=seleniumMSGapp, 操作类型=增加, 部署主机=31test_bnms, 组建类型=短信订阅, 期望值=1, 列表选择器=应用名称, 结束标记=结束, 用例编号=CASE6, 应用名称=seleniumMSGapp, 安装路径=/test-bnms/chtest/selenium, 用例描述=增加可用的短信订阅, 进程关键字=seleniumMSGappPID, 是否运行=是, 备注=, BmcServer类型=, 扫描频率 =60} expected [1] but found [0]]]>
            </message>
            <full-stacktrace>
              <![CDATA[java.lang.AssertionError: {主机名称_ENV=31test_bnms, 列表匹配数据=seleniumMSGapp, 操作类型=增加, 部署主机=31test_bnms, 组建类型=短信订阅, 期望值=1, 列表选择器=应用名称, 结束标记=结束, 用例编号=CASE6, 应用名称=seleniumMSGapp, 安装路径=/test-bnms/chtest/selenium, 用例描述=增加可用的短信订阅, 进程关键字=seleniumMSGappPID, 是否运行=是, 备注=, BmcServer类型=, 扫描频率 =60} expected [1] but found [0]
	at org.testng.Assert.fail(Assert.java:94)
	at org.testng.Assert.failNotEquals(Assert.java:494)
	at org.testng.Assert.assertEquals(Assert.java:123)
	at com.code.common.Tools.assertEquals(Unknown Source)
	at com.code.test.ibnmsConfig.AppServerListTest.operateAPP(Unknown Source)
	at sun.reflect.NativeMethodAccessorImpl.invoke0(Native Method)
	at sun.reflect.NativeMethodAccessorImpl.invoke(NativeMethodAccessorImpl.java:39)
	at sun.reflect.DelegatingMethodAccessorImpl.invoke(DelegatingMethodAccessorImpl.java:25)
	at java.lang.reflect.Method.invoke(Method.java:597)
	at org.testng.internal.MethodInvocationHelper.invokeMethod(MethodInvocationHelper.java:84)
	at org.testng.internal.Invoker.invokeMethod(Invoker.java:714)
	at org.testng.internal.Invoker.invokeTestMethod(Invoker.java:901)
	at org.testng.internal.Invoker.invokeTestMethods(Invoker.java:1231)
	at org.testng.internal.TestMethodWorker.invokeTestMethods(TestMethodWorker.java:127)
	at org.testng.internal.TestMethodWorker.run(TestMethodWorker.java:111)
	at org.testng.TestRunner.privateRun(TestRunner.java:767)
	at org.testng.TestRunner.run(TestRunner.java:617)
	at org.testng.SuiteRunner.runTest(SuiteRunner.java:334)
	at org.testng.SuiteRunner.runSequentially(SuiteRunner.java:329)
	at org.testng.SuiteRunner.privateRun(SuiteRunner.java:291)
	at org.testng.SuiteRunner.run(SuiteRunner.java:240)
	at org.testng.SuiteRunnerWorker.runSuite(SuiteRunnerWorker.java:52)
	at org.testng.SuiteRunnerWorker.run(SuiteRunnerWorker.java:86)
	at org.testng.TestNG.runSuitesSequentially(TestNG.java:1224)
	at org.testng.TestNG.runSuitesLocally(TestNG.java:1149)
	at org.testng.TestNG.run(TestNG.java:1057)
	at org.testng.TestNG.privateMain(TestNG.java:1364)
	at org.testng.TestNG.main(TestNG.java:1333)
]]>
            </full-stacktrace>
          </exception> <!-- java.lang.AssertionError -->
          <reporter-output>
            <line>
              <![CDATA[TakesScreenshot截图]]>
            </line>
            <line>
              <![CDATA[{主机名称_ENV=31test_bnms, 列表匹配数据=seleniumMSGapp, 操作类型=增加, 部署主机=31test_bnms, 组建类型=短信订阅, 期望值=1, 列表选择器=应用名称, 结束标记=结束, 用例编号=CASE6, 应用名称=seleniumMSGapp, 安装路径=/test-bnms/chtest/selenium, 用例描述=增加可用的短信订阅, 进程关键字=seleniumMSGappPID, 是否运行=是, 备注=, BmcServer类型=, 扫描频率 =60}]]>
            </line>
          </reporter-output>
        </test-method> <!-- operateAPP -->
      </class> <!-- com.code.test.ibnmsConfig.AppServerListTest -->
    </test> <!-- frame -->
  </suite> <!-- suite -->
</testng-results>
